#! /usr/bin/vvp
:ivl_version "10.1 (stable)";
:ivl_delay_selection "TYPICAL";
:vpi_time_precision - 9;
:vpi_module "system";
:vpi_module "vhdl_sys";
:vpi_module "v2005_math";
:vpi_module "va_math";
S_0x55797da8ed10 .scope module, "mux_tb" "mux_tb" 2 70;
 .timescale -9 -9;
v0x55797da5d690_0 .var "a1", 31 0;
v0x55797dab10e0_0 .var "a10", 31 0;
v0x55797dab11b0_0 .var "a11", 31 0;
v0x55797dab12b0_0 .var "a12", 31 0;
v0x55797dab1380_0 .var "a13", 31 0;
v0x55797dab1420_0 .var "a14", 31 0;
v0x55797dab14f0_0 .var "a15", 31 0;
v0x55797dab15c0_0 .var "a16", 31 0;
v0x55797dab1690_0 .var "a2", 31 0;
v0x55797dab1760_0 .var "a3", 31 0;
v0x55797dab1830_0 .var "a4", 31 0;
v0x55797dab1900_0 .var "a5", 31 0;
v0x55797dab19d0_0 .var "a6", 31 0;
v0x55797dab1aa0_0 .var "a7", 31 0;
v0x55797dab1b70_0 .var "a8", 31 0;
v0x55797dab1c40_0 .var "a9", 31 0;
v0x55797dab1d10_0 .net "answer", 31 0, L_0x55797da8c9e0;  1 drivers
v0x55797dab1de0_0 .var "s", 3 0;
S_0x55797da8ee90 .scope module, "M" "Mux_16_1" 2 90, 2 2 0, S_0x55797da8ed10;
 .timescale -9 -9;
    .port_info 0 /INPUT 4 "s"
    .port_info 1 /INPUT 32 "a1"
    .port_info 2 /INPUT 32 "a2"
    .port_info 3 /INPUT 32 "a3"
    .port_info 4 /INPUT 32 "a4"
    .port_info 5 /INPUT 32 "a5"
    .port_info 6 /INPUT 32 "a6"
    .port_info 7 /INPUT 32 "a7"
    .port_info 8 /INPUT 32 "a8"
    .port_info 9 /INPUT 32 "a9"
    .port_info 10 /INPUT 32 "a10"
    .port_info 11 /INPUT 32 "a11"
    .port_info 12 /INPUT 32 "a12"
    .port_info 13 /INPUT 32 "a13"
    .port_info 14 /INPUT 32 "a14"
    .port_info 15 /INPUT 32 "a15"
    .port_info 16 /INPUT 32 "a16"
    .port_info 17 /OUTPUT 32 "X"
L_0x55797da8c9e0 .functor BUFZ 32, v0x55797da7d590_0, C4<00000000000000000000000000000000>, C4<00000000000000000000000000000000>, C4<00000000000000000000000000000000>;
v0x55797da7d590_0 .var "A", 31 0;
v0x55797da8cc60_0 .net "X", 31 0, L_0x55797da8c9e0;  alias, 1 drivers
v0x55797daafeb0_0 .net "a1", 31 0, v0x55797da5d690_0;  1 drivers
v0x55797daaff70_0 .net "a10", 31 0, v0x55797dab10e0_0;  1 drivers
v0x55797dab0050_0 .net "a11", 31 0, v0x55797dab11b0_0;  1 drivers
v0x55797dab0180_0 .net "a12", 31 0, v0x55797dab12b0_0;  1 drivers
v0x55797dab0260_0 .net "a13", 31 0, v0x55797dab1380_0;  1 drivers
v0x55797dab0340_0 .net "a14", 31 0, v0x55797dab1420_0;  1 drivers
v0x55797dab0420_0 .net "a15", 31 0, v0x55797dab14f0_0;  1 drivers
v0x55797dab0500_0 .net "a16", 31 0, v0x55797dab15c0_0;  1 drivers
v0x55797dab05e0_0 .net "a2", 31 0, v0x55797dab1690_0;  1 drivers
v0x55797dab06c0_0 .net "a3", 31 0, v0x55797dab1760_0;  1 drivers
v0x55797dab07a0_0 .net "a4", 31 0, v0x55797dab1830_0;  1 drivers
v0x55797dab0880_0 .net "a5", 31 0, v0x55797dab1900_0;  1 drivers
v0x55797dab0960_0 .net "a6", 31 0, v0x55797dab19d0_0;  1 drivers
v0x55797dab0a40_0 .net "a7", 31 0, v0x55797dab1aa0_0;  1 drivers
v0x55797dab0b20_0 .net "a8", 31 0, v0x55797dab1b70_0;  1 drivers
v0x55797dab0c00_0 .net "a9", 31 0, v0x55797dab1c40_0;  1 drivers
v0x55797dab0ce0_0 .net "s", 3 0, v0x55797dab1de0_0;  1 drivers
E_0x55797da5ae80/0 .event edge, v0x55797dab0ce0_0, v0x55797daafeb0_0, v0x55797dab05e0_0, v0x55797dab06c0_0;
E_0x55797da5ae80/1 .event edge, v0x55797dab07a0_0, v0x55797dab0880_0, v0x55797dab0960_0, v0x55797dab0a40_0;
E_0x55797da5ae80/2 .event edge, v0x55797dab0b20_0, v0x55797dab0c00_0, v0x55797daaff70_0, v0x55797dab0050_0;
E_0x55797da5ae80/3 .event edge, v0x55797dab0180_0, v0x55797dab0260_0, v0x55797dab0340_0, v0x55797dab0420_0;
E_0x55797da5ae80/4 .event edge, v0x55797dab0500_0;
E_0x55797da5ae80 .event/or E_0x55797da5ae80/0, E_0x55797da5ae80/1, E_0x55797da5ae80/2, E_0x55797da5ae80/3, E_0x55797da5ae80/4;
    .scope S_0x55797da8ee90;
T_0 ;
    %wait E_0x55797da5ae80;
    %load/vec4 v0x55797dab0ce0_0;
    %dup/vec4;
    %pushi/vec4 0, 0, 4;
    %cmp/u;
    %jmp/1 T_0.0, 6;
    %dup/vec4;
    %pushi/vec4 1, 0, 4;
    %cmp/u;
    %jmp/1 T_0.1, 6;
    %dup/vec4;
    %pushi/vec4 2, 0, 4;
    %cmp/u;
    %jmp/1 T_0.2, 6;
    %dup/vec4;
    %pushi/vec4 3, 0, 4;
    %cmp/u;
    %jmp/1 T_0.3, 6;
    %dup/vec4;
    %pushi/vec4 4, 0, 4;
    %cmp/u;
    %jmp/1 T_0.4, 6;
    %dup/vec4;
    %pushi/vec4 5, 0, 4;
    %cmp/u;
    %jmp/1 T_0.5, 6;
    %dup/vec4;
    %pushi/vec4 6, 0, 4;
    %cmp/u;
    %jmp/1 T_0.6, 6;
    %dup/vec4;
    %pushi/vec4 7, 0, 4;
    %cmp/u;
    %jmp/1 T_0.7, 6;
    %dup/vec4;
    %pushi/vec4 8, 0, 4;
    %cmp/u;
    %jmp/1 T_0.8, 6;
    %dup/vec4;
    %pushi/vec4 9, 0, 4;
    %cmp/u;
    %jmp/1 T_0.9, 6;
    %dup/vec4;
    %pushi/vec4 10, 0, 4;
    %cmp/u;
    %jmp/1 T_0.10, 6;
    %dup/vec4;
    %pushi/vec4 11, 0, 4;
    %cmp/u;
    %jmp/1 T_0.11, 6;
    %dup/vec4;
    %pushi/vec4 12, 0, 4;
    %cmp/u;
    %jmp/1 T_0.12, 6;
    %dup/vec4;
    %pushi/vec4 13, 0, 4;
    %cmp/u;
    %jmp/1 T_0.13, 6;
    %dup/vec4;
    %pushi/vec4 14, 0, 4;
    %cmp/u;
    %jmp/1 T_0.14, 6;
    %dup/vec4;
    %pushi/vec4 15, 0, 4;
    %cmp/u;
    %jmp/1 T_0.15, 6;
    %jmp T_0.16;
T_0.0 ;
    %load/vec4 v0x55797daafeb0_0;
    %assign/vec4 v0x55797da7d590_0, 0;
    %jmp T_0.16;
T_0.1 ;
    %load/vec4 v0x55797dab05e0_0;
    %assign/vec4 v0x55797da7d590_0, 0;
    %jmp T_0.16;
T_0.2 ;
    %load/vec4 v0x55797dab06c0_0;
    %assign/vec4 v0x55797da7d590_0, 0;
    %jmp T_0.16;
T_0.3 ;
    %load/vec4 v0x55797dab07a0_0;
    %assign/vec4 v0x55797da7d590_0, 0;
    %jmp T_0.16;
T_0.4 ;
    %load/vec4 v0x55797dab0880_0;
    %assign/vec4 v0x55797da7d590_0, 0;
    %jmp T_0.16;
T_0.5 ;
    %load/vec4 v0x55797dab0960_0;
    %assign/vec4 v0x55797da7d590_0, 0;
    %jmp T_0.16;
T_0.6 ;
    %load/vec4 v0x55797dab0a40_0;
    %assign/vec4 v0x55797da7d590_0, 0;
    %jmp T_0.16;
T_0.7 ;
    %load/vec4 v0x55797dab0b20_0;
    %assign/vec4 v0x55797da7d590_0, 0;
    %jmp T_0.16;
T_0.8 ;
    %load/vec4 v0x55797dab0c00_0;
    %assign/vec4 v0x55797da7d590_0, 0;
    %jmp T_0.16;
T_0.9 ;
    %load/vec4 v0x55797daaff70_0;
    %assign/vec4 v0x55797da7d590_0, 0;
    %jmp T_0.16;
T_0.10 ;
    %load/vec4 v0x55797dab0050_0;
    %assign/vec4 v0x55797da7d590_0, 0;
    %jmp T_0.16;
T_0.11 ;
    %load/vec4 v0x55797dab0180_0;
    %assign/vec4 v0x55797da7d590_0, 0;
    %jmp T_0.16;
T_0.12 ;
    %load/vec4 v0x55797dab0260_0;
    %assign/vec4 v0x55797da7d590_0, 0;
    %jmp T_0.16;
T_0.13 ;
    %load/vec4 v0x55797dab0340_0;
    %assign/vec4 v0x55797da7d590_0, 0;
    %jmp T_0.16;
T_0.14 ;
    %load/vec4 v0x55797dab0420_0;
    %assign/vec4 v0x55797da7d590_0, 0;
    %jmp T_0.16;
T_0.15 ;
    %load/vec4 v0x55797dab0500_0;
    %assign/vec4 v0x55797da7d590_0, 0;
    %jmp T_0.16;
T_0.16 ;
    %pop/vec4 1;
    %jmp T_0;
    .thread T_0, $push;
    .scope S_0x55797da8ed10;
T_1 ;
    %vpi_call 2 114 "$dumpfile", "MUX.vcd" {0 0 0};
    %vpi_call 2 115 "$dumpvars", 32'sb00000000000000000000000000000000, S_0x55797da8ed10 {0 0 0};
    %end;
    .thread T_1;
    .scope S_0x55797da8ed10;
T_2 ;
    %pushi/vec4 2, 0, 4;
    %store/vec4 v0x55797dab1de0_0, 0, 4;
    %pushi/vec4 201839332, 0, 32;
    %store/vec4 v0x55797da5d690_0, 0, 32;
    %pushi/vec4 3349972829, 0, 32;
    %store/vec4 v0x55797dab1690_0, 0, 32;
    %pushi/vec4 97573862, 0, 32;
    %store/vec4 v0x55797dab1760_0, 0, 32;
    %pushi/vec4 1955795207, 0, 32;
    %store/vec4 v0x55797dab1830_0, 0, 32;
    %pushi/vec4 1849377975, 0, 32;
    %store/vec4 v0x55797dab1900_0, 0, 32;
    %pushi/vec4 1586049875, 0, 32;
    %store/vec4 v0x55797dab19d0_0, 0, 32;
    %pushi/vec4 1164340152, 0, 32;
    %store/vec4 v0x55797dab1aa0_0, 0, 32;
    %pushi/vec4 140863568, 0, 32;
    %store/vec4 v0x55797dab1b70_0, 0, 32;
    %pushi/vec4 3654423740, 0, 32;
    %store/vec4 v0x55797dab1c40_0, 0, 32;
    %pushi/vec4 1589657310, 0, 32;
    %store/vec4 v0x55797dab10e0_0, 0, 32;
    %pushi/vec4 2028735280, 0, 32;
    %store/vec4 v0x55797dab11b0_0, 0, 32;
    %pushi/vec4 101882310, 0, 32;
    %store/vec4 v0x55797dab12b0_0, 0, 32;
    %pushi/vec4 804408986, 0, 32;
    %store/vec4 v0x55797dab1380_0, 0, 32;
    %pushi/vec4 886055870, 0, 32;
    %store/vec4 v0x55797dab1420_0, 0, 32;
    %pushi/vec4 1124222824, 0, 32;
    %store/vec4 v0x55797dab14f0_0, 0, 32;
    %pushi/vec4 3617946891, 0, 32;
    %store/vec4 v0x55797dab15c0_0, 0, 32;
    %delay 100, 0;
    %pushi/vec4 9, 0, 4;
    %store/vec4 v0x55797dab1de0_0, 0, 4;
    %pushi/vec4 3009597943, 0, 32;
    %store/vec4 v0x55797da5d690_0, 0, 32;
    %pushi/vec4 2747972350, 0, 32;
    %store/vec4 v0x55797dab1690_0, 0, 32;
    %pushi/vec4 2842304887, 0, 32;
    %store/vec4 v0x55797dab1760_0, 0, 32;
    %pushi/vec4 3360995165, 0, 32;
    %store/vec4 v0x55797dab1830_0, 0, 32;
    %pushi/vec4 1225202485, 0, 32;
    %store/vec4 v0x55797dab1900_0, 0, 32;
    %pushi/vec4 1430320667, 0, 32;
    %store/vec4 v0x55797dab19d0_0, 0, 32;
    %pushi/vec4 756320543, 0, 32;
    %store/vec4 v0x55797dab1aa0_0, 0, 32;
    %pushi/vec4 623691411, 0, 32;
    %store/vec4 v0x55797dab1b70_0, 0, 32;
    %pushi/vec4 4248919229, 0, 32;
    %store/vec4 v0x55797dab1c40_0, 0, 32;
    %pushi/vec4 1589657310, 0, 32;
    %store/vec4 v0x55797dab10e0_0, 0, 32;
    %pushi/vec4 1601777830, 0, 32;
    %store/vec4 v0x55797dab11b0_0, 0, 32;
    %pushi/vec4 3214895890, 0, 32;
    %store/vec4 v0x55797dab12b0_0, 0, 32;
    %pushi/vec4 133885381, 0, 32;
    %store/vec4 v0x55797dab1380_0, 0, 32;
    %pushi/vec4 886055870, 0, 32;
    %store/vec4 v0x55797dab1420_0, 0, 32;
    %pushi/vec4 1124222824, 0, 32;
    %store/vec4 v0x55797dab14f0_0, 0, 32;
    %pushi/vec4 4286432086, 0, 32;
    %store/vec4 v0x55797dab15c0_0, 0, 32;
    %delay 100, 0;
    %pushi/vec4 5, 0, 4;
    %store/vec4 v0x55797dab1de0_0, 0, 4;
    %pushi/vec4 300355362, 0, 32;
    %store/vec4 v0x55797da5d690_0, 0, 32;
    %pushi/vec4 731042013, 0, 32;
    %store/vec4 v0x55797dab1690_0, 0, 32;
    %pushi/vec4 1778346955, 0, 32;
    %store/vec4 v0x55797dab1760_0, 0, 32;
    %pushi/vec4 4128889693, 0, 32;
    %store/vec4 v0x55797dab1830_0, 0, 32;
    %pushi/vec4 3070215593, 0, 32;
    %store/vec4 v0x55797dab1900_0, 0, 32;
    %pushi/vec4 3094875928, 0, 32;
    %store/vec4 v0x55797dab19d0_0, 0, 32;
    %pushi/vec4 263574622, 0, 32;
    %store/vec4 v0x55797dab1aa0_0, 0, 32;
    %pushi/vec4 3908085762, 0, 32;
    %store/vec4 v0x55797dab1b70_0, 0, 32;
    %pushi/vec4 1905091094, 0, 32;
    %store/vec4 v0x55797dab1c40_0, 0, 32;
    %pushi/vec4 1214615524, 0, 32;
    %store/vec4 v0x55797dab10e0_0, 0, 32;
    %pushi/vec4 141685176, 0, 32;
    %store/vec4 v0x55797dab11b0_0, 0, 32;
    %pushi/vec4 1255037871, 0, 32;
    %store/vec4 v0x55797dab12b0_0, 0, 32;
    %pushi/vec4 1839511076, 0, 32;
    %store/vec4 v0x55797dab1380_0, 0, 32;
    %pushi/vec4 3659584657, 0, 32;
    %store/vec4 v0x55797dab1420_0, 0, 32;
    %pushi/vec4 3250708529, 0, 32;
    %store/vec4 v0x55797dab14f0_0, 0, 32;
    %pushi/vec4 630508581, 0, 32;
    %store/vec4 v0x55797dab15c0_0, 0, 32;
    %delay 100, 0;
    %pushi/vec4 10, 0, 4;
    %store/vec4 v0x55797dab1de0_0, 0, 4;
    %pushi/vec4 3678167197, 0, 32;
    %store/vec4 v0x55797da5d690_0, 0, 32;
    %pushi/vec4 2311128295, 0, 32;
    %store/vec4 v0x55797dab1690_0, 0, 32;
    %pushi/vec4 1617438263, 0, 32;
    %store/vec4 v0x55797dab1760_0, 0, 32;
    %pushi/vec4 2543940382, 0, 32;
    %store/vec4 v0x55797dab1830_0, 0, 32;
    %pushi/vec4 1484122195, 0, 32;
    %store/vec4 v0x55797dab1900_0, 0, 32;
    %pushi/vec4 1898357660, 0, 32;
    %store/vec4 v0x55797dab19d0_0, 0, 32;
    %pushi/vec4 2950508350, 0, 32;
    %store/vec4 v0x55797dab1aa0_0, 0, 32;
    %pushi/vec4 941346423, 0, 32;
    %store/vec4 v0x55797dab1b70_0, 0, 32;
    %pushi/vec4 3376246654, 0, 32;
    %store/vec4 v0x55797dab1c40_0, 0, 32;
    %pushi/vec4 795489082, 0, 32;
    %store/vec4 v0x55797dab10e0_0, 0, 32;
    %pushi/vec4 104922023, 0, 32;
    %store/vec4 v0x55797dab11b0_0, 0, 32;
    %pushi/vec4 3146933042, 0, 32;
    %store/vec4 v0x55797dab12b0_0, 0, 32;
    %pushi/vec4 303800962, 0, 32;
    %store/vec4 v0x55797dab1380_0, 0, 32;
    %pushi/vec4 1297573223, 0, 32;
    %store/vec4 v0x55797dab1420_0, 0, 32;
    %pushi/vec4 1848604816, 0, 32;
    %store/vec4 v0x55797dab14f0_0, 0, 32;
    %pushi/vec4 1855465237, 0, 32;
    %store/vec4 v0x55797dab15c0_0, 0, 32;
    %delay 100, 0;
    %pushi/vec4 0, 0, 4;
    %store/vec4 v0x55797dab1de0_0, 0, 4;
    %pushi/vec4 2194931782, 0, 32;
    %store/vec4 v0x55797da5d690_0, 0, 32;
    %pushi/vec4 2041511153, 0, 32;
    %store/vec4 v0x55797dab1690_0, 0, 32;
    %pushi/vec4 3431601991, 0, 32;
    %store/vec4 v0x55797dab1760_0, 0, 32;
    %pushi/vec4 2689716234, 0, 32;
    %store/vec4 v0x55797dab1830_0, 0, 32;
    %pushi/vec4 3785324108, 0, 32;
    %store/vec4 v0x55797dab1900_0, 0, 32;
    %pushi/vec4 137587055, 0, 32;
    %store/vec4 v0x55797dab19d0_0, 0, 32;
    %pushi/vec4 2490487567, 0, 32;
    %store/vec4 v0x55797dab1aa0_0, 0, 32;
    %pushi/vec4 986367294, 0, 32;
    %store/vec4 v0x55797dab1b70_0, 0, 32;
    %pushi/vec4 3088952870, 0, 32;
    %store/vec4 v0x55797dab1c40_0, 0, 32;
    %pushi/vec4 4202791053, 0, 32;
    %store/vec4 v0x55797dab10e0_0, 0, 32;
    %pushi/vec4 2952485674, 0, 32;
    %store/vec4 v0x55797dab11b0_0, 0, 32;
    %pushi/vec4 240263067, 0, 32;
    %store/vec4 v0x55797dab12b0_0, 0, 32;
    %pushi/vec4 1137562391, 0, 32;
    %store/vec4 v0x55797dab1380_0, 0, 32;
    %pushi/vec4 1361144505, 0, 32;
    %store/vec4 v0x55797dab1420_0, 0, 32;
    %pushi/vec4 2613028083, 0, 32;
    %store/vec4 v0x55797dab14f0_0, 0, 32;
    %pushi/vec4 2537795114, 0, 32;
    %store/vec4 v0x55797dab15c0_0, 0, 32;
    %delay 100, 0;
    %pushi/vec4 15, 0, 4;
    %store/vec4 v0x55797dab1de0_0, 0, 4;
    %pushi/vec4 1646822316, 0, 32;
    %store/vec4 v0x55797da5d690_0, 0, 32;
    %pushi/vec4 2271596413, 0, 32;
    %store/vec4 v0x55797dab1690_0, 0, 32;
    %pushi/vec4 3448372637, 0, 32;
    %store/vec4 v0x55797dab1760_0, 0, 32;
    %pushi/vec4 1821399928, 0, 32;
    %store/vec4 v0x55797dab1830_0, 0, 32;
    %pushi/vec4 238839189, 0, 32;
    %store/vec4 v0x55797dab1900_0, 0, 32;
    %pushi/vec4 2061411272, 0, 32;
    %store/vec4 v0x55797dab19d0_0, 0, 32;
    %pushi/vec4 3398367240, 0, 32;
    %store/vec4 v0x55797dab1aa0_0, 0, 32;
    %pushi/vec4 3364169774, 0, 32;
    %store/vec4 v0x55797dab1b70_0, 0, 32;
    %pushi/vec4 2607616599, 0, 32;
    %store/vec4 v0x55797dab1c40_0, 0, 32;
    %pushi/vec4 2073373727, 0, 32;
    %store/vec4 v0x55797dab10e0_0, 0, 32;
    %pushi/vec4 1268689265, 0, 32;
    %store/vec4 v0x55797dab11b0_0, 0, 32;
    %pushi/vec4 2811641857, 0, 32;
    %store/vec4 v0x55797dab12b0_0, 0, 32;
    %pushi/vec4 4069460295, 0, 32;
    %store/vec4 v0x55797dab1380_0, 0, 32;
    %pushi/vec4 2499971800, 0, 32;
    %store/vec4 v0x55797dab1420_0, 0, 32;
    %pushi/vec4 1164571445, 0, 32;
    %store/vec4 v0x55797dab14f0_0, 0, 32;
    %pushi/vec4 725148122, 0, 32;
    %store/vec4 v0x55797dab15c0_0, 0, 32;
    %delay 100, 0;
    %pushi/vec4 8, 0, 4;
    %store/vec4 v0x55797dab1de0_0, 0, 4;
    %pushi/vec4 941311601, 0, 32;
    %store/vec4 v0x55797da5d690_0, 0, 32;
    %pushi/vec4 3632557234, 0, 32;
    %store/vec4 v0x55797dab1690_0, 0, 32;
    %pushi/vec4 2925016680, 0, 32;
    %store/vec4 v0x55797dab1760_0, 0, 32;
    %pushi/vec4 1025144204, 0, 32;
    %store/vec4 v0x55797dab1830_0, 0, 32;
    %pushi/vec4 1809117701, 0, 32;
    %store/vec4 v0x55797dab1900_0, 0, 32;
    %pushi/vec4 1068143331, 0, 32;
    %store/vec4 v0x55797dab19d0_0, 0, 32;
    %pushi/vec4 2217135828, 0, 32;
    %store/vec4 v0x55797dab1aa0_0, 0, 32;
    %pushi/vec4 496749510, 0, 32;
    %store/vec4 v0x55797dab1b70_0, 0, 32;
    %pushi/vec4 1168050700, 0, 32;
    %store/vec4 v0x55797dab1c40_0, 0, 32;
    %pushi/vec4 3204590591, 0, 32;
    %store/vec4 v0x55797dab10e0_0, 0, 32;
    %pushi/vec4 387424384, 0, 32;
    %store/vec4 v0x55797dab11b0_0, 0, 32;
    %pushi/vec4 1939543748, 0, 32;
    %store/vec4 v0x55797dab12b0_0, 0, 32;
    %pushi/vec4 1715738280, 0, 32;
    %store/vec4 v0x55797dab1380_0, 0, 32;
    %pushi/vec4 1459338382, 0, 32;
    %store/vec4 v0x55797dab1420_0, 0, 32;
    %pushi/vec4 4045039316, 0, 32;
    %store/vec4 v0x55797dab14f0_0, 0, 32;
    %pushi/vec4 2193659334, 0, 32;
    %store/vec4 v0x55797dab15c0_0, 0, 32;
    %delay 100, 0;
    %pushi/vec4 11, 0, 4;
    %store/vec4 v0x55797dab1de0_0, 0, 4;
    %pushi/vec4 3167811867, 0, 32;
    %store/vec4 v0x55797da5d690_0, 0, 32;
    %pushi/vec4 3101122814, 0, 32;
    %store/vec4 v0x55797dab1690_0, 0, 32;
    %pushi/vec4 584507949, 0, 32;
    %store/vec4 v0x55797dab1760_0, 0, 32;
    %pushi/vec4 3347823842, 0, 32;
    %store/vec4 v0x55797dab1830_0, 0, 32;
    %pushi/vec4 3237297834, 0, 32;
    %store/vec4 v0x55797dab1900_0, 0, 32;
    %pushi/vec4 3581886487, 0, 32;
    %store/vec4 v0x55797dab19d0_0, 0, 32;
    %pushi/vec4 217053651, 0, 32;
    %store/vec4 v0x55797dab1aa0_0, 0, 32;
    %pushi/vec4 2637988330, 0, 32;
    %store/vec4 v0x55797dab1b70_0, 0, 32;
    %pushi/vec4 1234864119, 0, 32;
    %store/vec4 v0x55797dab1c40_0, 0, 32;
    %pushi/vec4 3484630393, 0, 32;
    %store/vec4 v0x55797dab10e0_0, 0, 32;
    %pushi/vec4 3369208101, 0, 32;
    %store/vec4 v0x55797dab11b0_0, 0, 32;
    %pushi/vec4 3393887320, 0, 32;
    %store/vec4 v0x55797dab12b0_0, 0, 32;
    %pushi/vec4 408913253, 0, 32;
    %store/vec4 v0x55797dab1380_0, 0, 32;
    %pushi/vec4 3042689055, 0, 32;
    %store/vec4 v0x55797dab1420_0, 0, 32;
    %pushi/vec4 3417231996, 0, 32;
    %store/vec4 v0x55797dab14f0_0, 0, 32;
    %pushi/vec4 3448478939, 0, 32;
    %store/vec4 v0x55797dab15c0_0, 0, 32;
    %delay 100, 0;
    %end;
    .thread T_2;
    .scope S_0x55797da8ed10;
T_3 ;
    %vpi_call 2 275 "$monitor", "a1 = %b\012a2 = %b\012a3 = %b\012a4 = %b\012a5 = %b\012a6 = %b\012a7 = %b\012a8 = %b\012a9 = %b\012a10 = %b\012a11 = %b\012a12 = %b\012a13 = %b\012a14 = %b\012a15 = %b\012a16 = %b\012select = %b\012answer = %b\012", v0x55797da5d690_0, v0x55797dab1690_0, v0x55797dab1760_0, v0x55797dab1830_0, v0x55797dab1900_0, v0x55797dab19d0_0, v0x55797dab1aa0_0, v0x55797dab1b70_0, v0x55797dab1c40_0, v0x55797dab10e0_0, v0x55797dab11b0_0, v0x55797dab12b0_0, v0x55797dab1380_0, v0x55797dab1420_0, v0x55797dab14f0_0, v0x55797dab15c0_0, v0x55797dab1de0_0, v0x55797dab1d10_0 {0 0 0};
    %end;
    .thread T_3;
# The file index is used to find the file name in the following table.
:file_names 3;
    "N/A";
    "<interactive>";
    "mux.v";
