#! /usr/bin/vvp
:ivl_version "10.1 (stable)";
:ivl_delay_selection "TYPICAL";
:vpi_time_precision - 9;
:vpi_module "system";
:vpi_module "vhdl_sys";
:vpi_module "v2005_math";
:vpi_module "va_math";
S_0x5598331d5290 .scope module, "alu_tb" "alu_tb" 2 46;
 .timescale -9 -9;
v0x5598331f5b60_0 .net "Result", 63 0, v0x5598331d5690_0;  1 drivers
v0x5598331f5c40_0 .var "a", 63 0;
v0x5598331f5d10_0 .var "b", 63 0;
v0x5598331f5e10_0 .var "carry_in", 63 0;
v0x5598331f5ee0_0 .net "carry_out", 0 0, v0x5598331f57d0_0;  1 drivers
v0x5598331f5fd0_0 .net "flag", 0 0, v0x5598331f58e0_0;  1 drivers
v0x5598331f60a0_0 .var "operation", 3 0;
S_0x5598331d5410 .scope module, "c" "alu" 2 87, 2 8 0, S_0x5598331d5290;
 .timescale -9 -9;
    .port_info 0 /INPUT 64 "a"
    .port_info 1 /INPUT 64 "b"
    .port_info 2 /INPUT 4 "operation"
    .port_info 3 /INPUT 64 "carry_in"
    .port_info 4 /OUTPUT 64 "Result"
    .port_info 5 /OUTPUT 1 "flag"
    .port_info 6 /OUTPUT 1 "carry_out"
v0x5598331d5690_0 .var "Result", 63 0;
v0x5598331f5550_0 .net "a", 63 0, v0x5598331f5c40_0;  1 drivers
v0x5598331f5630_0 .net "b", 63 0, v0x5598331f5d10_0;  1 drivers
v0x5598331f56f0_0 .net "carry_in", 63 0, v0x5598331f5e10_0;  1 drivers
v0x5598331f57d0_0 .var "carry_out", 0 0;
v0x5598331f58e0_0 .var "flag", 0 0;
v0x5598331f59a0_0 .net "operation", 3 0, v0x5598331f60a0_0;  1 drivers
E_0x5598331c0360 .event edge, v0x5598331f59a0_0, v0x5598331f5630_0, v0x5598331f5550_0;
    .scope S_0x5598331d5410;
T_0 ;
    %wait E_0x5598331c0360;
    %load/vec4 v0x5598331f59a0_0;
    %dup/vec4;
    %pushi/vec4 0, 0, 4;
    %cmp/u;
    %jmp/1 T_0.0, 6;
    %dup/vec4;
    %pushi/vec4 1, 0, 4;
    %cmp/u;
    %jmp/1 T_0.1, 6;
    %dup/vec4;
    %pushi/vec4 2, 0, 4;
    %cmp/u;
    %jmp/1 T_0.2, 6;
    %dup/vec4;
    %pushi/vec4 6, 0, 4;
    %cmp/u;
    %jmp/1 T_0.3, 6;
    %dup/vec4;
    %pushi/vec4 13, 0, 4;
    %cmp/u;
    %jmp/1 T_0.4, 6;
    %dup/vec4;
    %pushi/vec4 12, 0, 4;
    %cmp/u;
    %jmp/1 T_0.5, 6;
    %jmp T_0.6;
T_0.0 ;
    %load/vec4 v0x5598331f5550_0;
    %load/vec4 v0x5598331f5630_0;
    %and;
    %store/vec4 v0x5598331d5690_0, 0, 64;
    %jmp T_0.6;
T_0.1 ;
    %load/vec4 v0x5598331f5550_0;
    %load/vec4 v0x5598331f5630_0;
    %or;
    %store/vec4 v0x5598331d5690_0, 0, 64;
    %jmp T_0.6;
T_0.2 ;
    %load/vec4 v0x5598331f5550_0;
    %load/vec4 v0x5598331f5630_0;
    %add;
    %load/vec4 v0x5598331f56f0_0;
    %add;
    %store/vec4 v0x5598331d5690_0, 0, 64;
    %jmp T_0.6;
T_0.3 ;
    %load/vec4 v0x5598331f5550_0;
    %load/vec4 v0x5598331f5630_0;
    %sub;
    %load/vec4 v0x5598331f56f0_0;
    %sub;
    %store/vec4 v0x5598331d5690_0, 0, 64;
    %jmp T_0.6;
T_0.4 ;
    %load/vec4 v0x5598331f5550_0;
    %load/vec4 v0x5598331f5630_0;
    %and;
    %nor/r;
    %pad/u 64;
    %store/vec4 v0x5598331d5690_0, 0, 64;
    %jmp T_0.6;
T_0.5 ;
    %load/vec4 v0x5598331f5550_0;
    %load/vec4 v0x5598331f5630_0;
    %or;
    %nor/r;
    %pad/u 64;
    %store/vec4 v0x5598331d5690_0, 0, 64;
    %jmp T_0.6;
T_0.6 ;
    %pop/vec4 1;
    %load/vec4 v0x5598331f59a0_0;
    %parti/s 1, 0, 2;
    %pad/u 32;
    %pushi/vec4 0, 0, 32;
    %cmp/e;
    %flag_get/vec4 4;
    %load/vec4 v0x5598331f59a0_0;
    %parti/s 1, 1, 2;
    %pad/u 32;
    %pushi/vec4 1, 0, 32;
    %cmp/e;
    %flag_get/vec4 4;
    %and;
    %load/vec4 v0x5598331f59a0_0;
    %parti/s 1, 2, 3;
    %pad/u 32;
    %pushi/vec4 0, 0, 32;
    %cmp/e;
    %flag_get/vec4 4;
    %and;
    %load/vec4 v0x5598331f59a0_0;
    %parti/s 1, 3, 3;
    %pad/u 32;
    %pushi/vec4 0, 0, 32;
    %cmp/e;
    %flag_get/vec4 4;
    %and;
    %flag_set/vec4 8;
    %jmp/0xz  T_0.7, 8;
    %load/vec4 v0x5598331f5550_0;
    %load/vec4 v0x5598331f5630_0;
    %and;
    %pad/u 1;
    %store/vec4 v0x5598331f57d0_0, 0, 1;
    %jmp T_0.8;
T_0.7 ;
    %load/vec4 v0x5598331f59a0_0;
    %parti/s 1, 0, 2;
    %pad/u 32;
    %pushi/vec4 0, 0, 32;
    %cmp/e;
    %flag_get/vec4 4;
    %load/vec4 v0x5598331f59a0_0;
    %parti/s 1, 1, 2;
    %pad/u 32;
    %pushi/vec4 1, 0, 32;
    %cmp/e;
    %flag_get/vec4 4;
    %and;
    %load/vec4 v0x5598331f59a0_0;
    %parti/s 1, 2, 3;
    %pad/u 32;
    %pushi/vec4 1, 0, 32;
    %cmp/e;
    %flag_get/vec4 4;
    %and;
    %load/vec4 v0x5598331f59a0_0;
    %parti/s 1, 3, 3;
    %pad/u 32;
    %pushi/vec4 0, 0, 32;
    %cmp/e;
    %flag_get/vec4 4;
    %and;
    %flag_set/vec4 8;
    %jmp/0xz  T_0.9, 8;
    %load/vec4 v0x5598331f5550_0;
    %inv;
    %load/vec4 v0x5598331f5630_0;
    %and;
    %pad/u 1;
    %store/vec4 v0x5598331f57d0_0, 0, 1;
T_0.9 ;
T_0.8 ;
    %load/vec4 v0x5598331d5690_0;
    %pushi/vec4 0, 0, 64;
    %cmp/e;
    %flag_get/vec4 4;
    %load/vec4 v0x5598331f57d0_0;
    %pad/u 32;
    %pushi/vec4 0, 0, 32;
    %cmp/e;
    %flag_get/vec4 4;
    %and;
    %flag_set/vec4 8;
    %jmp/0xz  T_0.11, 8;
    %pushi/vec4 1, 0, 1;
    %cassign/vec4 v0x5598331f58e0_0;
    %jmp T_0.12;
T_0.11 ;
    %pushi/vec4 0, 0, 1;
    %cassign/vec4 v0x5598331f58e0_0;
T_0.12 ;
    %jmp T_0;
    .thread T_0, $push;
    .scope S_0x5598331d5290;
T_1 ;
    %vpi_call 2 55 "$dumpfile", "alu1.vcd" {0 0 0};
    %vpi_call 2 56 "$dumpvars", 32'sb00000000000000000000000000000000, S_0x5598331d5290 {0 0 0};
    %vpi_call 2 57 "$monitor", "a=%b, b=%b, operation=%b%b%b%b, carry_out=%b, Result=%b flag=%b ", v0x5598331f5c40_0, v0x5598331f5d10_0, &PV<v0x5598331f60a0_0, 3, 1>, &PV<v0x5598331f60a0_0, 2, 1>, &PV<v0x5598331f60a0_0, 1, 1>, &PV<v0x5598331f60a0_0, 0, 1>, v0x5598331f5ee0_0, v0x5598331f5b60_0, v0x5598331f5fd0_0 {0 0 0};
    %pushi/vec4 0, 0, 64;
    %store/vec4 v0x5598331f5c40_0, 0, 64;
    %pushi/vec4 0, 0, 64;
    %store/vec4 v0x5598331f5d10_0, 0, 64;
    %pushi/vec4 0, 0, 64;
    %store/vec4 v0x5598331f5e10_0, 0, 64;
    %pushi/vec4 0, 0, 1;
    %ix/load 4, 0, 0;
    %flag_set/imm 4, 0;
    %store/vec4 v0x5598331f60a0_0, 4, 1;
    %pushi/vec4 0, 0, 1;
    %ix/load 4, 1, 0;
    %flag_set/imm 4, 0;
    %store/vec4 v0x5598331f60a0_0, 4, 1;
    %pushi/vec4 0, 0, 1;
    %ix/load 4, 2, 0;
    %flag_set/imm 4, 0;
    %store/vec4 v0x5598331f60a0_0, 4, 1;
    %pushi/vec4 0, 0, 1;
    %ix/load 4, 3, 0;
    %flag_set/imm 4, 0;
    %store/vec4 v0x5598331f60a0_0, 4, 1;
    %delay 20, 0;
    %pushi/vec4 2, 0, 64;
    %store/vec4 v0x5598331f5c40_0, 0, 64;
    %pushi/vec4 1, 0, 1;
    %ix/load 4, 0, 0;
    %flag_set/imm 4, 0;
    %store/vec4 v0x5598331f60a0_0, 4, 1;
    %delay 20, 0;
    %pushi/vec4 3, 0, 64;
    %store/vec4 v0x5598331f5d10_0, 0, 64;
    %delay 20, 0;
    %pushi/vec4 0, 0, 1;
    %ix/load 4, 0, 0;
    %flag_set/imm 4, 0;
    %store/vec4 v0x5598331f60a0_0, 4, 1;
    %delay 20, 0;
    %pushi/vec4 1, 0, 1;
    %ix/load 4, 1, 0;
    %flag_set/imm 4, 0;
    %store/vec4 v0x5598331f60a0_0, 4, 1;
    %delay 20, 0;
    %pushi/vec4 1, 0, 1;
    %ix/load 4, 2, 0;
    %flag_set/imm 4, 0;
    %store/vec4 v0x5598331f60a0_0, 4, 1;
    %delay 20, 0;
    %pushi/vec4 1024, 0, 64;
    %store/vec4 v0x5598331f5c40_0, 0, 64;
    %delay 20, 0;
    %pushi/vec4 0, 0, 1;
    %ix/load 4, 2, 0;
    %flag_set/imm 4, 0;
    %store/vec4 v0x5598331f60a0_0, 4, 1;
    %pushi/vec4 1, 0, 64;
    %store/vec4 v0x5598331f5e10_0, 0, 64;
    %delay 20, 0;
    %pushi/vec4 1, 0, 1;
    %ix/load 4, 1, 0;
    %flag_set/imm 4, 0;
    %store/vec4 v0x5598331f60a0_0, 4, 1;
    %delay 20, 0;
    %pushi/vec4 1, 0, 1;
    %ix/load 4, 3, 0;
    %flag_set/imm 4, 0;
    %store/vec4 v0x5598331f60a0_0, 4, 1;
    %delay 20, 0;
    %pushi/vec4 120, 0, 64;
    %store/vec4 v0x5598331f5d10_0, 0, 64;
    %delay 20, 0;
    %pushi/vec4 9, 0, 64;
    %store/vec4 v0x5598331f5c40_0, 0, 64;
    %delay 20, 0;
    %pushi/vec4 1, 0, 1;
    %ix/load 4, 0, 0;
    %flag_set/imm 4, 0;
    %store/vec4 v0x5598331f60a0_0, 4, 1;
    %delay 20, 0;
    %pushi/vec4 22, 0, 64;
    %store/vec4 v0x5598331f5d10_0, 0, 64;
    %delay 10, 0;
    %vpi_call 2 84 "$finish" {0 0 0};
    %end;
    .thread T_1;
# The file index is used to find the file name in the following table.
:file_names 3;
    "N/A";
    "<interactive>";
    "alu1.v";
