#! /usr/bin/vvp
:ivl_version "10.1 (stable)";
:ivl_delay_selection "TYPICAL";
:vpi_time_precision - 12;
:vpi_module "system";
:vpi_module "vhdl_sys";
:vpi_module "v2005_math";
:vpi_module "va_math";
S_0x55b7c986b370 .scope module, "stimulus" "stimulus" 2 66;
 .timescale -9 -12;
v0x55b7c988c110_0 .var "ALU_Sel", 3 0;
v0x55b7c988c1f0_0 .var "address1", 4 0;
v0x55b7c988c2c0_0 .var "address2", 4 0;
v0x55b7c988c3c0_0 .var "address3", 4 0;
v0x55b7c988c490_0 .var "address4", 4 0;
v0x55b7c988c530_0 .var "clock", 0 0;
v0x55b7c988c600_0 .net "data", 63 0, v0x55b7c988b910_0;  1 drivers
v0x55b7c988c6d0_0 .var "en_write", 0 0;
v0x55b7c988c7a0_0 .var "eval", 0 0;
v0x55b7c988c900_0 .var/i "i", 31 0;
v0x55b7c988c9a0_0 .var "idata1", 63 0;
v0x55b7c988ca70_0 .var "idata2", 63 0;
v0x55b7c988cb40_0 .var "read", 0 0;
v0x55b7c988cc10_0 .var "reset", 0 0;
S_0x55b7c986b4f0 .scope module, "r1" "aluregfile" 2 81, 2 3 0, S_0x55b7c986b370;
 .timescale 0 0;
    .port_info 0 /INPUT 1 "clock"
    .port_info 1 /INPUT 1 "reset"
    .port_info 2 /INPUT 5 "address1"
    .port_info 3 /INPUT 5 "address2"
    .port_info 4 /INPUT 5 "address3"
    .port_info 5 /INPUT 5 "address4"
    .port_info 6 /INPUT 4 "ALU_Sel"
    .port_info 7 /INPUT 1 "en_write"
    .port_info 8 /INPUT 1 "eval"
    .port_info 9 /INPUT 1 "read"
    .port_info 10 /INPUT 64 "idata1"
    .port_info 11 /INPUT 64 "idata2"
    .port_info 12 /OUTPUT 64 "data"
v0x55b7c986b800_0 .var "ALU_Result", 63 0;
v0x55b7c988b3c0_0 .net "ALU_Sel", 3 0, v0x55b7c988c110_0;  1 drivers
v0x55b7c988b4a0_0 .net "address1", 4 0, v0x55b7c988c1f0_0;  1 drivers
v0x55b7c988b560_0 .net "address2", 4 0, v0x55b7c988c2c0_0;  1 drivers
v0x55b7c988b640_0 .net "address3", 4 0, v0x55b7c988c3c0_0;  1 drivers
v0x55b7c988b770_0 .net "address4", 4 0, v0x55b7c988c490_0;  1 drivers
v0x55b7c988b850_0 .net "clock", 0 0, v0x55b7c988c530_0;  1 drivers
v0x55b7c988b910_0 .var "data", 63 0;
v0x55b7c988b9f0_0 .net "en_write", 0 0, v0x55b7c988c6d0_0;  1 drivers
v0x55b7c988bab0_0 .net "eval", 0 0, v0x55b7c988c7a0_0;  1 drivers
v0x55b7c988bb70_0 .net "idata1", 63 0, v0x55b7c988c9a0_0;  1 drivers
v0x55b7c988bc50_0 .net "idata2", 63 0, v0x55b7c988ca70_0;  1 drivers
v0x55b7c988bd30_0 .net "read", 0 0, v0x55b7c988cb40_0;  1 drivers
v0x55b7c988bdf0 .array "registers", 0 31, 63 0;
v0x55b7c988beb0_0 .net "reset", 0 0, v0x55b7c988cc10_0;  1 drivers
E_0x55b7c9834ac0 .event posedge, v0x55b7c988b850_0;
    .scope S_0x55b7c986b4f0;
T_0 ;
    %wait E_0x55b7c9834ac0;
    %load/vec4 v0x55b7c988beb0_0;
    %nor/r;
    %flag_set/vec4 8;
    %jmp/0xz  T_0.0, 8;
    %load/vec4 v0x55b7c988b9f0_0;
    %pad/u 32;
    %pushi/vec4 1, 0, 32;
    %cmp/e;
    %flag_get/vec4 4;
    %load/vec4 v0x55b7c988bab0_0;
    %pad/u 32;
    %pushi/vec4 0, 0, 32;
    %cmp/e;
    %flag_get/vec4 4;
    %and;
    %load/vec4 v0x55b7c988bd30_0;
    %pad/u 32;
    %pushi/vec4 0, 0, 32;
    %cmp/e;
    %flag_get/vec4 4;
    %and;
    %flag_set/vec4 8;
    %jmp/0xz  T_0.2, 8;
    %load/vec4 v0x55b7c988bb70_0;
    %load/vec4 v0x55b7c988b4a0_0;
    %pad/u 7;
    %ix/vec4 3;
    %ix/load 4, 0, 0; Constant delay
    %assign/vec4/a/d v0x55b7c988bdf0, 0, 4;
    %load/vec4 v0x55b7c988bc50_0;
    %load/vec4 v0x55b7c988b560_0;
    %pad/u 7;
    %ix/vec4 3;
    %ix/load 4, 0, 0; Constant delay
    %assign/vec4/a/d v0x55b7c988bdf0, 0, 4;
T_0.2 ;
    %load/vec4 v0x55b7c988b9f0_0;
    %pad/u 32;
    %pushi/vec4 0, 0, 32;
    %cmp/e;
    %flag_get/vec4 4;
    %load/vec4 v0x55b7c988bab0_0;
    %pad/u 32;
    %pushi/vec4 1, 0, 32;
    %cmp/e;
    %flag_get/vec4 4;
    %and;
    %load/vec4 v0x55b7c988bd30_0;
    %pad/u 32;
    %pushi/vec4 0, 0, 32;
    %cmp/e;
    %flag_get/vec4 4;
    %and;
    %flag_set/vec4 8;
    %jmp/0xz  T_0.4, 8;
    %load/vec4 v0x55b7c988b3c0_0;
    %dup/vec4;
    %pushi/vec4 0, 0, 4;
    %cmp/u;
    %jmp/1 T_0.6, 6;
    %dup/vec4;
    %pushi/vec4 1, 0, 4;
    %cmp/u;
    %jmp/1 T_0.7, 6;
    %dup/vec4;
    %pushi/vec4 2, 0, 4;
    %cmp/u;
    %jmp/1 T_0.8, 6;
    %dup/vec4;
    %pushi/vec4 3, 0, 4;
    %cmp/u;
    %jmp/1 T_0.9, 6;
    %dup/vec4;
    %pushi/vec4 4, 0, 4;
    %cmp/u;
    %jmp/1 T_0.10, 6;
    %dup/vec4;
    %pushi/vec4 5, 0, 4;
    %cmp/u;
    %jmp/1 T_0.11, 6;
    %dup/vec4;
    %pushi/vec4 6, 0, 4;
    %cmp/u;
    %jmp/1 T_0.12, 6;
    %dup/vec4;
    %pushi/vec4 7, 0, 4;
    %cmp/u;
    %jmp/1 T_0.13, 6;
    %dup/vec4;
    %pushi/vec4 8, 0, 4;
    %cmp/u;
    %jmp/1 T_0.14, 6;
    %dup/vec4;
    %pushi/vec4 9, 0, 4;
    %cmp/u;
    %jmp/1 T_0.15, 6;
    %dup/vec4;
    %pushi/vec4 10, 0, 4;
    %cmp/u;
    %jmp/1 T_0.16, 6;
    %dup/vec4;
    %pushi/vec4 11, 0, 4;
    %cmp/u;
    %jmp/1 T_0.17, 6;
    %dup/vec4;
    %pushi/vec4 12, 0, 4;
    %cmp/u;
    %jmp/1 T_0.18, 6;
    %dup/vec4;
    %pushi/vec4 13, 0, 4;
    %cmp/u;
    %jmp/1 T_0.19, 6;
    %dup/vec4;
    %pushi/vec4 14, 0, 4;
    %cmp/u;
    %jmp/1 T_0.20, 6;
    %dup/vec4;
    %pushi/vec4 15, 0, 4;
    %cmp/u;
    %jmp/1 T_0.21, 6;
    %load/vec4 v0x55b7c988b4a0_0;
    %pad/u 7;
    %ix/vec4 4;
    %load/vec4a v0x55b7c988bdf0, 4;
    %load/vec4 v0x55b7c988b560_0;
    %pad/u 7;
    %ix/vec4 4;
    %load/vec4a v0x55b7c988bdf0, 4;
    %add;
    %store/vec4 v0x55b7c986b800_0, 0, 64;
    %jmp T_0.23;
T_0.6 ;
    %load/vec4 v0x55b7c988b4a0_0;
    %pad/u 7;
    %ix/vec4 4;
    %load/vec4a v0x55b7c988bdf0, 4;
    %load/vec4 v0x55b7c988b560_0;
    %pad/u 7;
    %ix/vec4 4;
    %load/vec4a v0x55b7c988bdf0, 4;
    %add;
    %assign/vec4 v0x55b7c986b800_0, 0;
    %jmp T_0.23;
T_0.7 ;
    %load/vec4 v0x55b7c988b4a0_0;
    %pad/u 7;
    %ix/vec4 4;
    %load/vec4a v0x55b7c988bdf0, 4;
    %load/vec4 v0x55b7c988b560_0;
    %pad/u 7;
    %ix/vec4 4;
    %load/vec4a v0x55b7c988bdf0, 4;
    %sub;
    %assign/vec4 v0x55b7c986b800_0, 0;
    %jmp T_0.23;
T_0.8 ;
    %load/vec4 v0x55b7c988b4a0_0;
    %pad/u 7;
    %ix/vec4 4;
    %load/vec4a v0x55b7c988bdf0, 4;
    %load/vec4 v0x55b7c988b560_0;
    %pad/u 7;
    %ix/vec4 4;
    %load/vec4a v0x55b7c988bdf0, 4;
    %mul;
    %assign/vec4 v0x55b7c986b800_0, 0;
    %jmp T_0.23;
T_0.9 ;
    %load/vec4 v0x55b7c988b4a0_0;
    %pad/u 7;
    %ix/vec4 4;
    %load/vec4a v0x55b7c988bdf0, 4;
    %load/vec4 v0x55b7c988b560_0;
    %pad/u 7;
    %ix/vec4 4;
    %load/vec4a v0x55b7c988bdf0, 4;
    %div;
    %assign/vec4 v0x55b7c986b800_0, 0;
    %jmp T_0.23;
T_0.10 ;
    %load/vec4 v0x55b7c988b4a0_0;
    %pad/u 7;
    %ix/vec4 4;
    %load/vec4a v0x55b7c988bdf0, 4;
    %ix/load 4, 1, 0;
    %flag_set/imm 4, 0;
    %shiftl 4;
    %assign/vec4 v0x55b7c986b800_0, 0;
    %jmp T_0.23;
T_0.11 ;
    %load/vec4 v0x55b7c988b4a0_0;
    %pad/u 7;
    %ix/vec4 4;
    %load/vec4a v0x55b7c988bdf0, 4;
    %ix/load 4, 1, 0;
    %flag_set/imm 4, 0;
    %shiftr 4;
    %assign/vec4 v0x55b7c986b800_0, 0;
    %jmp T_0.23;
T_0.12 ;
    %load/vec4 v0x55b7c988b4a0_0;
    %pad/u 7;
    %ix/vec4 4;
    %load/vec4a v0x55b7c988bdf0, 4;
    %parti/s 63, 0, 2;
    %load/vec4 v0x55b7c988b4a0_0;
    %pad/u 7;
    %ix/vec4 4;
    %load/vec4a v0x55b7c988bdf0, 4;
    %parti/s 1, 63, 7;
    %concat/vec4; draw_concat_vec4
    %assign/vec4 v0x55b7c986b800_0, 0;
    %jmp T_0.23;
T_0.13 ;
    %load/vec4 v0x55b7c988b4a0_0;
    %pad/u 7;
    %ix/vec4 4;
    %load/vec4a v0x55b7c988bdf0, 4;
    %parti/s 1, 0, 2;
    %load/vec4 v0x55b7c988b4a0_0;
    %pad/u 7;
    %ix/vec4 4;
    %load/vec4a v0x55b7c988bdf0, 4;
    %parti/s 63, 1, 2;
    %concat/vec4; draw_concat_vec4
    %assign/vec4 v0x55b7c986b800_0, 0;
    %jmp T_0.23;
T_0.14 ;
    %load/vec4 v0x55b7c988b4a0_0;
    %pad/u 7;
    %ix/vec4 4;
    %load/vec4a v0x55b7c988bdf0, 4;
    %load/vec4 v0x55b7c988b560_0;
    %pad/u 7;
    %ix/vec4 4;
    %load/vec4a v0x55b7c988bdf0, 4;
    %and;
    %assign/vec4 v0x55b7c986b800_0, 0;
    %jmp T_0.23;
T_0.15 ;
    %load/vec4 v0x55b7c988b4a0_0;
    %pad/u 7;
    %ix/vec4 4;
    %load/vec4a v0x55b7c988bdf0, 4;
    %load/vec4 v0x55b7c988b560_0;
    %pad/u 7;
    %ix/vec4 4;
    %load/vec4a v0x55b7c988bdf0, 4;
    %or;
    %assign/vec4 v0x55b7c986b800_0, 0;
    %jmp T_0.23;
T_0.16 ;
    %load/vec4 v0x55b7c988b4a0_0;
    %pad/u 7;
    %ix/vec4 4;
    %load/vec4a v0x55b7c988bdf0, 4;
    %load/vec4 v0x55b7c988b560_0;
    %pad/u 7;
    %ix/vec4 4;
    %load/vec4a v0x55b7c988bdf0, 4;
    %xor;
    %assign/vec4 v0x55b7c986b800_0, 0;
    %jmp T_0.23;
T_0.17 ;
    %load/vec4 v0x55b7c988b4a0_0;
    %pad/u 7;
    %ix/vec4 4;
    %load/vec4a v0x55b7c988bdf0, 4;
    %load/vec4 v0x55b7c988b560_0;
    %pad/u 7;
    %ix/vec4 4;
    %load/vec4a v0x55b7c988bdf0, 4;
    %or;
    %inv;
    %assign/vec4 v0x55b7c986b800_0, 0;
    %jmp T_0.23;
T_0.18 ;
    %load/vec4 v0x55b7c988b4a0_0;
    %pad/u 7;
    %ix/vec4 4;
    %load/vec4a v0x55b7c988bdf0, 4;
    %load/vec4 v0x55b7c988b560_0;
    %pad/u 7;
    %ix/vec4 4;
    %load/vec4a v0x55b7c988bdf0, 4;
    %and;
    %inv;
    %assign/vec4 v0x55b7c986b800_0, 0;
    %jmp T_0.23;
T_0.19 ;
    %load/vec4 v0x55b7c988b4a0_0;
    %pad/u 7;
    %ix/vec4 4;
    %load/vec4a v0x55b7c988bdf0, 4;
    %load/vec4 v0x55b7c988b560_0;
    %pad/u 7;
    %ix/vec4 4;
    %load/vec4a v0x55b7c988bdf0, 4;
    %xor;
    %inv;
    %assign/vec4 v0x55b7c986b800_0, 0;
    %jmp T_0.23;
T_0.20 ;
    %load/vec4 v0x55b7c988b560_0;
    %pad/u 7;
    %ix/vec4 4;
    %load/vec4a v0x55b7c988bdf0, 4;
    %load/vec4 v0x55b7c988b4a0_0;
    %pad/u 7;
    %ix/vec4 4;
    %load/vec4a v0x55b7c988bdf0, 4;
    %cmp/u;
    %flag_mov 8, 5;
    %jmp/0 T_0.24, 8;
    %pushi/vec4 1, 0, 64;
    %jmp/1 T_0.25, 8;
T_0.24 ; End of true expr.
    %pushi/vec4 0, 0, 64;
    %jmp/0 T_0.25, 8;
 ; End of false expr.
    %blend;
T_0.25;
    %assign/vec4 v0x55b7c986b800_0, 0;
    %jmp T_0.23;
T_0.21 ;
    %load/vec4 v0x55b7c988b4a0_0;
    %pad/u 7;
    %ix/vec4 4;
    %load/vec4a v0x55b7c988bdf0, 4;
    %load/vec4 v0x55b7c988b560_0;
    %pad/u 7;
    %ix/vec4 4;
    %load/vec4a v0x55b7c988bdf0, 4;
    %cmp/e;
    %flag_mov 8, 4;
    %jmp/0 T_0.26, 8;
    %pushi/vec4 1, 0, 64;
    %jmp/1 T_0.27, 8;
T_0.26 ; End of true expr.
    %pushi/vec4 0, 0, 64;
    %jmp/0 T_0.27, 8;
 ; End of false expr.
    %blend;
T_0.27;
    %assign/vec4 v0x55b7c986b800_0, 0;
    %jmp T_0.23;
T_0.23 ;
    %pop/vec4 1;
    %load/vec4 v0x55b7c986b800_0;
    %load/vec4 v0x55b7c988b640_0;
    %pad/u 7;
    %ix/vec4 3;
    %ix/load 4, 0, 0; Constant delay
    %assign/vec4/a/d v0x55b7c988bdf0, 0, 4;
T_0.4 ;
    %load/vec4 v0x55b7c988bd30_0;
    %pad/u 32;
    %pushi/vec4 1, 0, 32;
    %cmp/e;
    %flag_get/vec4 4;
    %load/vec4 v0x55b7c988b9f0_0;
    %pad/u 32;
    %pushi/vec4 0, 0, 32;
    %cmp/e;
    %flag_get/vec4 4;
    %and;
    %load/vec4 v0x55b7c988bab0_0;
    %pad/u 32;
    %pushi/vec4 0, 0, 32;
    %cmp/e;
    %flag_get/vec4 4;
    %and;
    %flag_set/vec4 8;
    %jmp/0xz  T_0.28, 8;
    %load/vec4 v0x55b7c988b770_0;
    %pad/u 7;
    %ix/vec4 4;
    %load/vec4a v0x55b7c988bdf0, 4;
    %assign/vec4 v0x55b7c988b910_0, 0;
T_0.28 ;
T_0.0 ;
    %jmp T_0;
    .thread T_0;
    .scope S_0x55b7c986b370;
T_1 ;
    %vpi_call 2 100 "$dumpfile", "alureg.vcd" {0 0 0};
    %vpi_call 2 101 "$dumpvars", 32'sb00000000000000000000000000000000, S_0x55b7c986b370 {0 0 0};
    %pushi/vec4 0, 0, 1;
    %store/vec4 v0x55b7c988cc10_0, 0, 1;
    %delay 5000, 0;
    %pushi/vec4 1, 0, 1;
    %store/vec4 v0x55b7c988c6d0_0, 0, 1;
    %pushi/vec4 0, 0, 1;
    %store/vec4 v0x55b7c988c7a0_0, 0, 1;
    %pushi/vec4 0, 0, 1;
    %store/vec4 v0x55b7c988cb40_0, 0, 1;
    %pushi/vec4 1, 0, 5;
    %store/vec4 v0x55b7c988c1f0_0, 0, 5;
    %pushi/vec4 13456789, 0, 64;
    %store/vec4 v0x55b7c988c9a0_0, 0, 64;
    %pushi/vec4 8, 0, 5;
    %store/vec4 v0x55b7c988c2c0_0, 0, 5;
    %pushi/vec4 456787, 0, 64;
    %store/vec4 v0x55b7c988ca70_0, 0, 64;
    %delay 10000, 0;
    %pushi/vec4 0, 0, 1;
    %store/vec4 v0x55b7c988c6d0_0, 0, 1;
    %pushi/vec4 0, 0, 1;
    %store/vec4 v0x55b7c988c7a0_0, 0, 1;
    %pushi/vec4 1, 0, 1;
    %store/vec4 v0x55b7c988cb40_0, 0, 1;
    %pushi/vec4 1, 0, 5;
    %store/vec4 v0x55b7c988c490_0, 0, 5;
    %delay 10000, 0;
    %pushi/vec4 0, 0, 1;
    %store/vec4 v0x55b7c988c6d0_0, 0, 1;
    %pushi/vec4 0, 0, 1;
    %store/vec4 v0x55b7c988c7a0_0, 0, 1;
    %pushi/vec4 1, 0, 1;
    %store/vec4 v0x55b7c988cb40_0, 0, 1;
    %pushi/vec4 8, 0, 5;
    %store/vec4 v0x55b7c988c490_0, 0, 5;
    %delay 10000, 0;
    %delay 10000, 0;
    %pushi/vec4 0, 0, 1;
    %store/vec4 v0x55b7c988c6d0_0, 0, 1;
    %pushi/vec4 1, 0, 1;
    %store/vec4 v0x55b7c988c7a0_0, 0, 1;
    %pushi/vec4 0, 0, 1;
    %store/vec4 v0x55b7c988cb40_0, 0, 1;
    %pushi/vec4 0, 0, 4;
    %store/vec4 v0x55b7c988c110_0, 0, 4;
    %pushi/vec4 5, 0, 5;
    %store/vec4 v0x55b7c988c3c0_0, 0, 5;
    %delay 20000, 0;
    %pushi/vec4 0, 0, 1;
    %store/vec4 v0x55b7c988c6d0_0, 0, 1;
    %pushi/vec4 0, 0, 1;
    %store/vec4 v0x55b7c988c7a0_0, 0, 1;
    %pushi/vec4 1, 0, 1;
    %store/vec4 v0x55b7c988cb40_0, 0, 1;
    %pushi/vec4 5, 0, 5;
    %store/vec4 v0x55b7c988c490_0, 0, 5;
    %delay 10000, 0;
    %pushi/vec4 0, 0, 1;
    %store/vec4 v0x55b7c988c6d0_0, 0, 1;
    %pushi/vec4 1, 0, 1;
    %store/vec4 v0x55b7c988c7a0_0, 0, 1;
    %pushi/vec4 0, 0, 1;
    %store/vec4 v0x55b7c988cb40_0, 0, 1;
    %pushi/vec4 1, 0, 4;
    %store/vec4 v0x55b7c988c110_0, 0, 4;
    %pushi/vec4 15, 0, 5;
    %store/vec4 v0x55b7c988c3c0_0, 0, 5;
    %delay 20000, 0;
    %pushi/vec4 0, 0, 1;
    %store/vec4 v0x55b7c988c6d0_0, 0, 1;
    %pushi/vec4 0, 0, 1;
    %store/vec4 v0x55b7c988c7a0_0, 0, 1;
    %pushi/vec4 1, 0, 1;
    %store/vec4 v0x55b7c988cb40_0, 0, 1;
    %pushi/vec4 15, 0, 5;
    %store/vec4 v0x55b7c988c490_0, 0, 5;
    %delay 10000, 0;
    %pushi/vec4 0, 0, 1;
    %store/vec4 v0x55b7c988c6d0_0, 0, 1;
    %pushi/vec4 1, 0, 1;
    %store/vec4 v0x55b7c988c7a0_0, 0, 1;
    %pushi/vec4 0, 0, 1;
    %store/vec4 v0x55b7c988cb40_0, 0, 1;
    %pushi/vec4 2, 0, 4;
    %store/vec4 v0x55b7c988c110_0, 0, 4;
    %pushi/vec4 16, 0, 5;
    %store/vec4 v0x55b7c988c3c0_0, 0, 5;
    %delay 20000, 0;
    %pushi/vec4 0, 0, 1;
    %store/vec4 v0x55b7c988c6d0_0, 0, 1;
    %pushi/vec4 0, 0, 1;
    %store/vec4 v0x55b7c988c7a0_0, 0, 1;
    %pushi/vec4 1, 0, 1;
    %store/vec4 v0x55b7c988cb40_0, 0, 1;
    %pushi/vec4 16, 0, 5;
    %store/vec4 v0x55b7c988c490_0, 0, 5;
    %delay 10000, 0;
    %pushi/vec4 0, 0, 1;
    %store/vec4 v0x55b7c988c6d0_0, 0, 1;
    %pushi/vec4 1, 0, 1;
    %store/vec4 v0x55b7c988c7a0_0, 0, 1;
    %pushi/vec4 0, 0, 1;
    %store/vec4 v0x55b7c988cb40_0, 0, 1;
    %pushi/vec4 3, 0, 4;
    %store/vec4 v0x55b7c988c110_0, 0, 4;
    %pushi/vec4 17, 0, 5;
    %store/vec4 v0x55b7c988c3c0_0, 0, 5;
    %delay 20000, 0;
    %pushi/vec4 0, 0, 1;
    %store/vec4 v0x55b7c988c6d0_0, 0, 1;
    %pushi/vec4 0, 0, 1;
    %store/vec4 v0x55b7c988c7a0_0, 0, 1;
    %pushi/vec4 1, 0, 1;
    %store/vec4 v0x55b7c988cb40_0, 0, 1;
    %pushi/vec4 17, 0, 5;
    %store/vec4 v0x55b7c988c490_0, 0, 5;
    %delay 10000, 0;
    %pushi/vec4 0, 0, 1;
    %store/vec4 v0x55b7c988c6d0_0, 0, 1;
    %pushi/vec4 1, 0, 1;
    %store/vec4 v0x55b7c988c7a0_0, 0, 1;
    %pushi/vec4 0, 0, 1;
    %store/vec4 v0x55b7c988cb40_0, 0, 1;
    %pushi/vec4 4, 0, 4;
    %store/vec4 v0x55b7c988c110_0, 0, 4;
    %pushi/vec4 18, 0, 5;
    %store/vec4 v0x55b7c988c3c0_0, 0, 5;
    %delay 20000, 0;
    %pushi/vec4 0, 0, 1;
    %store/vec4 v0x55b7c988c6d0_0, 0, 1;
    %pushi/vec4 0, 0, 1;
    %store/vec4 v0x55b7c988c7a0_0, 0, 1;
    %pushi/vec4 1, 0, 1;
    %store/vec4 v0x55b7c988cb40_0, 0, 1;
    %pushi/vec4 18, 0, 5;
    %store/vec4 v0x55b7c988c490_0, 0, 5;
    %delay 10000, 0;
    %pushi/vec4 0, 0, 1;
    %store/vec4 v0x55b7c988c6d0_0, 0, 1;
    %pushi/vec4 1, 0, 1;
    %store/vec4 v0x55b7c988c7a0_0, 0, 1;
    %pushi/vec4 0, 0, 1;
    %store/vec4 v0x55b7c988cb40_0, 0, 1;
    %pushi/vec4 5, 0, 4;
    %store/vec4 v0x55b7c988c110_0, 0, 4;
    %pushi/vec4 19, 0, 5;
    %store/vec4 v0x55b7c988c3c0_0, 0, 5;
    %delay 20000, 0;
    %pushi/vec4 0, 0, 1;
    %store/vec4 v0x55b7c988c6d0_0, 0, 1;
    %pushi/vec4 0, 0, 1;
    %store/vec4 v0x55b7c988c7a0_0, 0, 1;
    %pushi/vec4 1, 0, 1;
    %store/vec4 v0x55b7c988cb40_0, 0, 1;
    %pushi/vec4 19, 0, 5;
    %store/vec4 v0x55b7c988c490_0, 0, 5;
    %delay 10000, 0;
    %pushi/vec4 0, 0, 1;
    %store/vec4 v0x55b7c988c6d0_0, 0, 1;
    %pushi/vec4 1, 0, 1;
    %store/vec4 v0x55b7c988c7a0_0, 0, 1;
    %pushi/vec4 0, 0, 1;
    %store/vec4 v0x55b7c988cb40_0, 0, 1;
    %pushi/vec4 6, 0, 4;
    %store/vec4 v0x55b7c988c110_0, 0, 4;
    %pushi/vec4 20, 0, 5;
    %store/vec4 v0x55b7c988c3c0_0, 0, 5;
    %delay 20000, 0;
    %pushi/vec4 0, 0, 1;
    %store/vec4 v0x55b7c988c6d0_0, 0, 1;
    %pushi/vec4 0, 0, 1;
    %store/vec4 v0x55b7c988c7a0_0, 0, 1;
    %pushi/vec4 1, 0, 1;
    %store/vec4 v0x55b7c988cb40_0, 0, 1;
    %pushi/vec4 20, 0, 5;
    %store/vec4 v0x55b7c988c490_0, 0, 5;
    %delay 10000, 0;
    %pushi/vec4 0, 0, 1;
    %store/vec4 v0x55b7c988c6d0_0, 0, 1;
    %pushi/vec4 1, 0, 1;
    %store/vec4 v0x55b7c988c7a0_0, 0, 1;
    %pushi/vec4 0, 0, 1;
    %store/vec4 v0x55b7c988cb40_0, 0, 1;
    %pushi/vec4 7, 0, 4;
    %store/vec4 v0x55b7c988c110_0, 0, 4;
    %pushi/vec4 21, 0, 5;
    %store/vec4 v0x55b7c988c3c0_0, 0, 5;
    %delay 20000, 0;
    %pushi/vec4 0, 0, 1;
    %store/vec4 v0x55b7c988c6d0_0, 0, 1;
    %pushi/vec4 0, 0, 1;
    %store/vec4 v0x55b7c988c7a0_0, 0, 1;
    %pushi/vec4 1, 0, 1;
    %store/vec4 v0x55b7c988cb40_0, 0, 1;
    %pushi/vec4 21, 0, 5;
    %store/vec4 v0x55b7c988c490_0, 0, 5;
    %delay 10000, 0;
    %pushi/vec4 0, 0, 1;
    %store/vec4 v0x55b7c988c6d0_0, 0, 1;
    %pushi/vec4 1, 0, 1;
    %store/vec4 v0x55b7c988c7a0_0, 0, 1;
    %pushi/vec4 0, 0, 1;
    %store/vec4 v0x55b7c988cb40_0, 0, 1;
    %pushi/vec4 8, 0, 4;
    %store/vec4 v0x55b7c988c110_0, 0, 4;
    %pushi/vec4 22, 0, 5;
    %store/vec4 v0x55b7c988c3c0_0, 0, 5;
    %delay 20000, 0;
    %pushi/vec4 0, 0, 1;
    %store/vec4 v0x55b7c988c6d0_0, 0, 1;
    %pushi/vec4 0, 0, 1;
    %store/vec4 v0x55b7c988c7a0_0, 0, 1;
    %pushi/vec4 1, 0, 1;
    %store/vec4 v0x55b7c988cb40_0, 0, 1;
    %pushi/vec4 22, 0, 5;
    %store/vec4 v0x55b7c988c490_0, 0, 5;
    %delay 10000, 0;
    %pushi/vec4 0, 0, 1;
    %store/vec4 v0x55b7c988c6d0_0, 0, 1;
    %pushi/vec4 1, 0, 1;
    %store/vec4 v0x55b7c988c7a0_0, 0, 1;
    %pushi/vec4 0, 0, 1;
    %store/vec4 v0x55b7c988cb40_0, 0, 1;
    %pushi/vec4 9, 0, 4;
    %store/vec4 v0x55b7c988c110_0, 0, 4;
    %pushi/vec4 23, 0, 5;
    %store/vec4 v0x55b7c988c3c0_0, 0, 5;
    %delay 20000, 0;
    %pushi/vec4 0, 0, 1;
    %store/vec4 v0x55b7c988c6d0_0, 0, 1;
    %pushi/vec4 0, 0, 1;
    %store/vec4 v0x55b7c988c7a0_0, 0, 1;
    %pushi/vec4 1, 0, 1;
    %store/vec4 v0x55b7c988cb40_0, 0, 1;
    %pushi/vec4 23, 0, 5;
    %store/vec4 v0x55b7c988c490_0, 0, 5;
    %delay 10000, 0;
    %pushi/vec4 0, 0, 1;
    %store/vec4 v0x55b7c988c6d0_0, 0, 1;
    %pushi/vec4 1, 0, 1;
    %store/vec4 v0x55b7c988c7a0_0, 0, 1;
    %pushi/vec4 0, 0, 1;
    %store/vec4 v0x55b7c988cb40_0, 0, 1;
    %pushi/vec4 10, 0, 4;
    %store/vec4 v0x55b7c988c110_0, 0, 4;
    %pushi/vec4 24, 0, 5;
    %store/vec4 v0x55b7c988c3c0_0, 0, 5;
    %delay 20000, 0;
    %pushi/vec4 0, 0, 1;
    %store/vec4 v0x55b7c988c6d0_0, 0, 1;
    %pushi/vec4 0, 0, 1;
    %store/vec4 v0x55b7c988c7a0_0, 0, 1;
    %pushi/vec4 1, 0, 1;
    %store/vec4 v0x55b7c988cb40_0, 0, 1;
    %pushi/vec4 24, 0, 5;
    %store/vec4 v0x55b7c988c490_0, 0, 5;
    %delay 10000, 0;
    %pushi/vec4 0, 0, 1;
    %store/vec4 v0x55b7c988c6d0_0, 0, 1;
    %pushi/vec4 1, 0, 1;
    %store/vec4 v0x55b7c988c7a0_0, 0, 1;
    %pushi/vec4 0, 0, 1;
    %store/vec4 v0x55b7c988cb40_0, 0, 1;
    %pushi/vec4 11, 0, 4;
    %store/vec4 v0x55b7c988c110_0, 0, 4;
    %pushi/vec4 25, 0, 5;
    %store/vec4 v0x55b7c988c3c0_0, 0, 5;
    %delay 20000, 0;
    %pushi/vec4 0, 0, 1;
    %store/vec4 v0x55b7c988c6d0_0, 0, 1;
    %pushi/vec4 0, 0, 1;
    %store/vec4 v0x55b7c988c7a0_0, 0, 1;
    %pushi/vec4 1, 0, 1;
    %store/vec4 v0x55b7c988cb40_0, 0, 1;
    %pushi/vec4 25, 0, 5;
    %store/vec4 v0x55b7c988c490_0, 0, 5;
    %delay 10000, 0;
    %pushi/vec4 0, 0, 1;
    %store/vec4 v0x55b7c988c6d0_0, 0, 1;
    %pushi/vec4 1, 0, 1;
    %store/vec4 v0x55b7c988c7a0_0, 0, 1;
    %pushi/vec4 0, 0, 1;
    %store/vec4 v0x55b7c988cb40_0, 0, 1;
    %pushi/vec4 12, 0, 4;
    %store/vec4 v0x55b7c988c110_0, 0, 4;
    %pushi/vec4 26, 0, 5;
    %store/vec4 v0x55b7c988c3c0_0, 0, 5;
    %delay 20000, 0;
    %pushi/vec4 0, 0, 1;
    %store/vec4 v0x55b7c988c6d0_0, 0, 1;
    %pushi/vec4 0, 0, 1;
    %store/vec4 v0x55b7c988c7a0_0, 0, 1;
    %pushi/vec4 1, 0, 1;
    %store/vec4 v0x55b7c988cb40_0, 0, 1;
    %pushi/vec4 26, 0, 5;
    %store/vec4 v0x55b7c988c490_0, 0, 5;
    %delay 10000, 0;
    %pushi/vec4 0, 0, 1;
    %store/vec4 v0x55b7c988c6d0_0, 0, 1;
    %pushi/vec4 1, 0, 1;
    %store/vec4 v0x55b7c988c7a0_0, 0, 1;
    %pushi/vec4 0, 0, 1;
    %store/vec4 v0x55b7c988cb40_0, 0, 1;
    %pushi/vec4 13, 0, 4;
    %store/vec4 v0x55b7c988c110_0, 0, 4;
    %pushi/vec4 27, 0, 5;
    %store/vec4 v0x55b7c988c3c0_0, 0, 5;
    %delay 20000, 0;
    %pushi/vec4 0, 0, 1;
    %store/vec4 v0x55b7c988c6d0_0, 0, 1;
    %pushi/vec4 0, 0, 1;
    %store/vec4 v0x55b7c988c7a0_0, 0, 1;
    %pushi/vec4 1, 0, 1;
    %store/vec4 v0x55b7c988cb40_0, 0, 1;
    %pushi/vec4 27, 0, 5;
    %store/vec4 v0x55b7c988c490_0, 0, 5;
    %delay 10000, 0;
    %pushi/vec4 0, 0, 1;
    %store/vec4 v0x55b7c988c6d0_0, 0, 1;
    %pushi/vec4 1, 0, 1;
    %store/vec4 v0x55b7c988c7a0_0, 0, 1;
    %pushi/vec4 0, 0, 1;
    %store/vec4 v0x55b7c988cb40_0, 0, 1;
    %pushi/vec4 14, 0, 4;
    %store/vec4 v0x55b7c988c110_0, 0, 4;
    %pushi/vec4 28, 0, 5;
    %store/vec4 v0x55b7c988c3c0_0, 0, 5;
    %delay 20000, 0;
    %pushi/vec4 0, 0, 1;
    %store/vec4 v0x55b7c988c6d0_0, 0, 1;
    %pushi/vec4 0, 0, 1;
    %store/vec4 v0x55b7c988c7a0_0, 0, 1;
    %pushi/vec4 1, 0, 1;
    %store/vec4 v0x55b7c988cb40_0, 0, 1;
    %pushi/vec4 28, 0, 5;
    %store/vec4 v0x55b7c988c490_0, 0, 5;
    %delay 10000, 0;
    %pushi/vec4 0, 0, 1;
    %store/vec4 v0x55b7c988c6d0_0, 0, 1;
    %pushi/vec4 1, 0, 1;
    %store/vec4 v0x55b7c988c7a0_0, 0, 1;
    %pushi/vec4 0, 0, 1;
    %store/vec4 v0x55b7c988cb40_0, 0, 1;
    %pushi/vec4 15, 0, 4;
    %store/vec4 v0x55b7c988c110_0, 0, 4;
    %pushi/vec4 29, 0, 5;
    %store/vec4 v0x55b7c988c3c0_0, 0, 5;
    %delay 20000, 0;
    %pushi/vec4 0, 0, 1;
    %store/vec4 v0x55b7c988c6d0_0, 0, 1;
    %pushi/vec4 0, 0, 1;
    %store/vec4 v0x55b7c988c7a0_0, 0, 1;
    %pushi/vec4 1, 0, 1;
    %store/vec4 v0x55b7c988cb40_0, 0, 1;
    %pushi/vec4 29, 0, 5;
    %store/vec4 v0x55b7c988c490_0, 0, 5;
    %end;
    .thread T_1;
    .scope S_0x55b7c986b370;
T_2 ;
    %pushi/vec4 0, 0, 1;
    %store/vec4 v0x55b7c988c530_0, 0, 1;
    %pushi/vec4 0, 0, 32;
    %store/vec4 v0x55b7c988c900_0, 0, 32;
T_2.0 ;
    %load/vec4 v0x55b7c988c900_0;
    %cmpi/s 100, 0, 32;
    %flag_or 5, 4;
    %jmp/0xz T_2.1, 5;
    %delay 5000, 0;
    %load/vec4 v0x55b7c988c530_0;
    %inv;
    %store/vec4 v0x55b7c988c530_0, 0, 1;
    %load/vec4 v0x55b7c988c900_0;
    %addi 1, 0, 32;
    %store/vec4 v0x55b7c988c900_0, 0, 32;
    %jmp T_2.0;
T_2.1 ;
    %end;
    .thread T_2;
# The file index is used to find the file name in the following table.
:file_names 3;
    "N/A";
    "<interactive>";
    "alureg.v";
