#! /usr/local/bin/vvp
:ivl_version "11.0 (devel)" "(s20150603-664-g65aff653)";
:ivl_delay_selection "TYPICAL";
:vpi_time_precision - 12;
:vpi_module "system";
:vpi_module "vhdl_sys";
:vpi_module "vhdl_textio";
:vpi_module "v2005_math";
:vpi_module "va_math";
S_0x55af1c158480 .scope module, "stimulus" "stimulus" 2 29;
 .timescale -9 -12;
v0x55af1c185850_0 .var "address", 4 0;
v0x55af1c185930_0 .var "clock", 0 0;
v0x55af1c185a00_0 .net "data", 31 0, L_0x55af1c195e50;  1 drivers
v0x55af1c185b00_0 .var "en_write", 0 0;
v0x55af1c185bd0_0 .var/i "i", 31 0;
v0x55af1c185c70_0 .var "idata", 31 0;
v0x55af1c185d10_0 .var "reset", 0 0;
S_0x55af1c165bd0 .scope module, "r1" "regfile" 2 37, 2 8 0, S_0x55af1c158480;
 .timescale 0 0;
    .port_info 0 /INPUT 1 "clock";
    .port_info 1 /INPUT 1 "reset";
    .port_info 2 /INPUT 5 "address";
    .port_info 3 /INPUT 1 "en_write";
    .port_info 4 /INPUT 32 "idata";
    .port_info 5 /OUTPUT 32 "data";
L_0x7f699862b018 .functor BUFT 1, C4<xxxxxxxxxxxxxxxxxxxxxxxxxxxxxxxx>, C4<0>, C4<0>, C4<0>;
v0x55af1c155500_0 .net *"_ivl_0", 31 0, L_0x7f699862b018;  1 drivers
v0x55af1c1850e0_0 .net "address", 4 0, v0x55af1c185850_0;  1 drivers
v0x55af1c1851c0_0 .net "clock", 0 0, v0x55af1c185930_0;  1 drivers
v0x55af1c185260_0 .net "data", 31 0, L_0x55af1c195e50;  alias, 1 drivers
v0x55af1c185340_0 .net "en_write", 0 0, v0x55af1c185b00_0;  1 drivers
v0x55af1c185450_0 .net "idata", 31 0, v0x55af1c185c70_0;  1 drivers
v0x55af1c185530_0 .var "out_val", 31 0;
v0x55af1c185610 .array "registers", 0 31, 31 0;
v0x55af1c1856d0_0 .net "reset", 0 0, v0x55af1c185d10_0;  1 drivers
E_0x55af1c164450 .event posedge, v0x55af1c1851c0_0;
L_0x55af1c195e50 .functor MUXZ 32, v0x55af1c185530_0, L_0x7f699862b018, v0x55af1c185b00_0, C4<>;
    .scope S_0x55af1c165bd0;
T_0 ;
    %wait E_0x55af1c164450;
    %load/vec4 v0x55af1c1856d0_0;
    %nor/r;
    %flag_set/vec4 8;
    %jmp/0xz  T_0.0, 8;
    %load/vec4 v0x55af1c185340_0;
    %flag_set/vec4 8;
    %jmp/0xz  T_0.2, 8;
    %load/vec4 v0x55af1c185450_0;
    %load/vec4 v0x55af1c1850e0_0;
    %pad/u 7;
    %ix/vec4 3;
    %ix/load 4, 0, 0; Constant delay
    %assign/vec4/a/d v0x55af1c185610, 0, 4;
    %jmp T_0.3;
T_0.2 ;
    %load/vec4 v0x55af1c1850e0_0;
    %pad/u 7;
    %ix/vec4 4;
    %load/vec4a v0x55af1c185610, 4;
    %assign/vec4 v0x55af1c185530_0, 0;
T_0.3 ;
T_0.0 ;
    %jmp T_0;
    .thread T_0;
    .scope S_0x55af1c158480;
T_1 ;
    %vpi_call 2 49 "$dumpfile", "regfile.vcd" {0 0 0};
    %vpi_call 2 50 "$dumpvars", 32'sb00000000000000000000000000000000, S_0x55af1c158480 {0 0 0};
    %pushi/vec4 0, 0, 1;
    %store/vec4 v0x55af1c185d10_0, 0, 1;
    %delay 5000, 0;
    %pushi/vec4 1, 0, 1;
    %store/vec4 v0x55af1c185b00_0, 0, 1;
    %pushi/vec4 1, 0, 5;
    %store/vec4 v0x55af1c185850_0, 0, 5;
    %pushi/vec4 13456789, 0, 32;
    %store/vec4 v0x55af1c185c70_0, 0, 32;
    %delay 5000, 0;
    %pushi/vec4 0, 0, 1;
    %store/vec4 v0x55af1c185b00_0, 0, 1;
    %pushi/vec4 1, 0, 5;
    %store/vec4 v0x55af1c185850_0, 0, 5;
    %delay 10000, 0;
    %delay 5000, 0;
    %pushi/vec4 1, 0, 1;
    %store/vec4 v0x55af1c185b00_0, 0, 1;
    %pushi/vec4 8, 0, 5;
    %store/vec4 v0x55af1c185850_0, 0, 5;
    %pushi/vec4 45678, 0, 32;
    %store/vec4 v0x55af1c185c70_0, 0, 32;
    %delay 5000, 0;
    %pushi/vec4 0, 0, 1;
    %store/vec4 v0x55af1c185b00_0, 0, 1;
    %pushi/vec4 8, 0, 5;
    %store/vec4 v0x55af1c185850_0, 0, 5;
    %delay 10000, 0;
    %delay 5000, 0;
    %pushi/vec4 1, 0, 1;
    %store/vec4 v0x55af1c185b00_0, 0, 1;
    %pushi/vec4 1, 0, 5;
    %store/vec4 v0x55af1c185850_0, 0, 5;
    %pushi/vec4 23456787, 0, 32;
    %store/vec4 v0x55af1c185c70_0, 0, 32;
    %delay 5000, 0;
    %pushi/vec4 0, 0, 1;
    %store/vec4 v0x55af1c185b00_0, 0, 1;
    %pushi/vec4 1, 0, 5;
    %store/vec4 v0x55af1c185850_0, 0, 5;
    %delay 10000, 0;
    %delay 5000, 0;
    %pushi/vec4 1, 0, 1;
    %store/vec4 v0x55af1c185b00_0, 0, 1;
    %pushi/vec4 15, 0, 5;
    %store/vec4 v0x55af1c185850_0, 0, 5;
    %pushi/vec4 876545122, 0, 32;
    %store/vec4 v0x55af1c185c70_0, 0, 32;
    %delay 5000, 0;
    %pushi/vec4 0, 0, 1;
    %store/vec4 v0x55af1c185b00_0, 0, 1;
    %pushi/vec4 15, 0, 5;
    %store/vec4 v0x55af1c185850_0, 0, 5;
    %delay 10000, 0;
    %delay 5000, 0;
    %pushi/vec4 1, 0, 1;
    %store/vec4 v0x55af1c185b00_0, 0, 1;
    %pushi/vec4 22, 0, 5;
    %store/vec4 v0x55af1c185850_0, 0, 5;
    %pushi/vec4 3528791646, 0, 32;
    %store/vec4 v0x55af1c185c70_0, 0, 32;
    %delay 5000, 0;
    %pushi/vec4 0, 0, 1;
    %store/vec4 v0x55af1c185b00_0, 0, 1;
    %pushi/vec4 22, 0, 5;
    %store/vec4 v0x55af1c185850_0, 0, 5;
    %delay 10000, 0;
    %delay 5000, 0;
    %pushi/vec4 1, 0, 1;
    %store/vec4 v0x55af1c185b00_0, 0, 1;
    %pushi/vec4 31, 0, 5;
    %store/vec4 v0x55af1c185850_0, 0, 5;
    %pushi/vec4 134567, 0, 32;
    %store/vec4 v0x55af1c185c70_0, 0, 32;
    %delay 5000, 0;
    %pushi/vec4 0, 0, 1;
    %store/vec4 v0x55af1c185b00_0, 0, 1;
    %pushi/vec4 31, 0, 5;
    %store/vec4 v0x55af1c185850_0, 0, 5;
    %delay 10000, 0;
    %delay 5000, 0;
    %pushi/vec4 1, 0, 1;
    %store/vec4 v0x55af1c185b00_0, 0, 1;
    %pushi/vec4 22, 0, 5;
    %store/vec4 v0x55af1c185850_0, 0, 5;
    %pushi/vec4 1102983746, 0, 32;
    %store/vec4 v0x55af1c185c70_0, 0, 32;
    %delay 5000, 0;
    %pushi/vec4 0, 0, 1;
    %store/vec4 v0x55af1c185b00_0, 0, 1;
    %pushi/vec4 22, 0, 5;
    %store/vec4 v0x55af1c185850_0, 0, 5;
    %delay 10000, 0;
    %delay 5000, 0;
    %pushi/vec4 1, 0, 1;
    %store/vec4 v0x55af1c185b00_0, 0, 1;
    %pushi/vec4 18, 0, 5;
    %store/vec4 v0x55af1c185850_0, 0, 5;
    %pushi/vec4 45678, 0, 32;
    %store/vec4 v0x55af1c185c70_0, 0, 32;
    %delay 5000, 0;
    %pushi/vec4 0, 0, 1;
    %store/vec4 v0x55af1c185b00_0, 0, 1;
    %pushi/vec4 18, 0, 5;
    %store/vec4 v0x55af1c185850_0, 0, 5;
    %delay 5000, 0;
    %pushi/vec4 1, 0, 1;
    %store/vec4 v0x55af1c185b00_0, 0, 1;
    %pushi/vec4 13, 0, 5;
    %store/vec4 v0x55af1c185850_0, 0, 5;
    %pushi/vec4 23456787, 0, 32;
    %store/vec4 v0x55af1c185c70_0, 0, 32;
    %delay 5000, 0;
    %pushi/vec4 0, 0, 1;
    %store/vec4 v0x55af1c185b00_0, 0, 1;
    %pushi/vec4 13, 0, 5;
    %store/vec4 v0x55af1c185850_0, 0, 5;
    %delay 10000, 0;
    %end;
    .thread T_1;
    .scope S_0x55af1c158480;
T_2 ;
    %pushi/vec4 0, 0, 1;
    %store/vec4 v0x55af1c185930_0, 0, 1;
    %pushi/vec4 0, 0, 32;
    %store/vec4 v0x55af1c185bd0_0, 0, 32;
T_2.0 ;
    %load/vec4 v0x55af1c185bd0_0;
    %cmpi/s 10, 0, 32;
    %flag_or 5, 4;
    %jmp/0xz T_2.1, 5;
    %delay 5000, 0;
    %load/vec4 v0x55af1c185930_0;
    %inv;
    %store/vec4 v0x55af1c185930_0, 0, 1;
    %load/vec4 v0x55af1c185bd0_0;
    %addi 1, 0, 32;
    %store/vec4 v0x55af1c185bd0_0, 0, 32;
    %jmp T_2.0;
T_2.1 ;
    %end;
    .thread T_2;
    .scope S_0x55af1c158480;
T_3 ;
    %vpi_call 2 88 "$monitor", "clock=%d,reset=%d,address=%d,en_write=%d,idata=%d,data=%d \012", v0x55af1c185930_0, v0x55af1c185d10_0, v0x55af1c185850_0, v0x55af1c185b00_0, v0x55af1c185c70_0, v0x55af1c185a00_0 {0 0 0};
    %end;
    .thread T_3;
# The file index is used to find the file name in the following table.
:file_names 3;
    "N/A";
    "<interactive>";
    "Register-Files.v";
