#! /usr/bin/vvp
:ivl_version "10.1 (stable)";
:ivl_delay_selection "TYPICAL";
:vpi_time_precision - 9;
:vpi_module "system";
:vpi_module "vhdl_sys";
:vpi_module "v2005_math";
:vpi_module "va_math";
S_0x5576077fd630 .scope module, "decoder_tb" "decoder_tb" 2 44;
 .timescale -9 -9;
v0x55760781dab0_0 .net "D", 15 0, L_0x5576077f7f90;  1 drivers
v0x55760781dba0_0 .var "K", 3 0;
v0x55760781dc70_0 .var "enable", 0 0;
S_0x5576077fd7b0 .scope module, "Dec" "decoder" 2 49, 2 2 0, S_0x5576077fd630;
 .timescale -9 -9;
    .port_info 0 /INPUT 4 "K"
    .port_info 1 /INPUT 1 "enable"
    .port_info 2 /OUTPUT 16 "out"
L_0x5576077f7f90 .functor BUFZ 16, v0x55760781d950_0, C4<0000000000000000>, C4<0000000000000000>, C4<0000000000000000>;
v0x5576077f7c50_0 .net "K", 3 0, v0x55760781dba0_0;  1 drivers
v0x5576077f8170_0 .net "enable", 0 0, v0x55760781dc70_0;  1 drivers
v0x5576077f8210_0 .net "out", 15 0, L_0x5576077f7f90;  alias, 1 drivers
v0x55760781d950_0 .var "temp", 15 0;
E_0x5576077ecfb0 .event edge, v0x5576077f8170_0, v0x5576077f7c50_0;
    .scope S_0x5576077fd7b0;
T_0 ;
    %pushi/vec4 0, 0, 16;
    %store/vec4 v0x55760781d950_0, 0, 16;
    %end;
    .thread T_0;
    .scope S_0x5576077fd7b0;
T_1 ;
    %wait E_0x5576077ecfb0;
    %load/vec4 v0x5576077f8170_0;
    %cmpi/e 1, 0, 1;
    %jmp/0xz  T_1.0, 4;
    %load/vec4 v0x5576077f7c50_0;
    %dup/vec4;
    %pushi/vec4 0, 0, 4;
    %cmp/u;
    %jmp/1 T_1.2, 6;
    %dup/vec4;
    %pushi/vec4 1, 0, 4;
    %cmp/u;
    %jmp/1 T_1.3, 6;
    %dup/vec4;
    %pushi/vec4 2, 0, 4;
    %cmp/u;
    %jmp/1 T_1.4, 6;
    %dup/vec4;
    %pushi/vec4 3, 0, 4;
    %cmp/u;
    %jmp/1 T_1.5, 6;
    %dup/vec4;
    %pushi/vec4 4, 0, 4;
    %cmp/u;
    %jmp/1 T_1.6, 6;
    %dup/vec4;
    %pushi/vec4 5, 0, 4;
    %cmp/u;
    %jmp/1 T_1.7, 6;
    %dup/vec4;
    %pushi/vec4 6, 0, 4;
    %cmp/u;
    %jmp/1 T_1.8, 6;
    %dup/vec4;
    %pushi/vec4 7, 0, 4;
    %cmp/u;
    %jmp/1 T_1.9, 6;
    %dup/vec4;
    %pushi/vec4 8, 0, 4;
    %cmp/u;
    %jmp/1 T_1.10, 6;
    %dup/vec4;
    %pushi/vec4 9, 0, 4;
    %cmp/u;
    %jmp/1 T_1.11, 6;
    %dup/vec4;
    %pushi/vec4 10, 0, 4;
    %cmp/u;
    %jmp/1 T_1.12, 6;
    %dup/vec4;
    %pushi/vec4 11, 0, 4;
    %cmp/u;
    %jmp/1 T_1.13, 6;
    %dup/vec4;
    %pushi/vec4 12, 0, 4;
    %cmp/u;
    %jmp/1 T_1.14, 6;
    %dup/vec4;
    %pushi/vec4 13, 0, 4;
    %cmp/u;
    %jmp/1 T_1.15, 6;
    %dup/vec4;
    %pushi/vec4 14, 0, 4;
    %cmp/u;
    %jmp/1 T_1.16, 6;
    %dup/vec4;
    %pushi/vec4 15, 0, 4;
    %cmp/u;
    %jmp/1 T_1.17, 6;
    %jmp T_1.18;
T_1.2 ;
    %pushi/vec4 1, 0, 16;
    %assign/vec4 v0x55760781d950_0, 0;
    %jmp T_1.18;
T_1.3 ;
    %pushi/vec4 2, 0, 16;
    %assign/vec4 v0x55760781d950_0, 0;
    %jmp T_1.18;
T_1.4 ;
    %pushi/vec4 4, 0, 16;
    %assign/vec4 v0x55760781d950_0, 0;
    %jmp T_1.18;
T_1.5 ;
    %pushi/vec4 8, 0, 16;
    %assign/vec4 v0x55760781d950_0, 0;
    %jmp T_1.18;
T_1.6 ;
    %pushi/vec4 16, 0, 16;
    %assign/vec4 v0x55760781d950_0, 0;
    %jmp T_1.18;
T_1.7 ;
    %pushi/vec4 32, 0, 16;
    %assign/vec4 v0x55760781d950_0, 0;
    %jmp T_1.18;
T_1.8 ;
    %pushi/vec4 64, 0, 16;
    %assign/vec4 v0x55760781d950_0, 0;
    %jmp T_1.18;
T_1.9 ;
    %pushi/vec4 128, 0, 16;
    %assign/vec4 v0x55760781d950_0, 0;
    %jmp T_1.18;
T_1.10 ;
    %pushi/vec4 256, 0, 16;
    %assign/vec4 v0x55760781d950_0, 0;
    %jmp T_1.18;
T_1.11 ;
    %pushi/vec4 512, 0, 16;
    %assign/vec4 v0x55760781d950_0, 0;
    %jmp T_1.18;
T_1.12 ;
    %pushi/vec4 1024, 0, 16;
    %assign/vec4 v0x55760781d950_0, 0;
    %jmp T_1.18;
T_1.13 ;
    %pushi/vec4 2048, 0, 16;
    %assign/vec4 v0x55760781d950_0, 0;
    %jmp T_1.18;
T_1.14 ;
    %pushi/vec4 4096, 0, 16;
    %assign/vec4 v0x55760781d950_0, 0;
    %jmp T_1.18;
T_1.15 ;
    %pushi/vec4 8192, 0, 16;
    %assign/vec4 v0x55760781d950_0, 0;
    %jmp T_1.18;
T_1.16 ;
    %pushi/vec4 16384, 0, 16;
    %assign/vec4 v0x55760781d950_0, 0;
    %jmp T_1.18;
T_1.17 ;
    %pushi/vec4 32768, 0, 16;
    %assign/vec4 v0x55760781d950_0, 0;
    %jmp T_1.18;
T_1.18 ;
    %pop/vec4 1;
    %jmp T_1.1;
T_1.0 ;
    %pushi/vec4 65535, 65535, 16;
    %assign/vec4 v0x55760781d950_0, 0;
T_1.1 ;
    %jmp T_1;
    .thread T_1, $push;
    .scope S_0x5576077fd630;
T_2 ;
    %pushi/vec4 0, 0, 4;
    %store/vec4 v0x55760781dba0_0, 0, 4;
    %end;
    .thread T_2;
    .scope S_0x5576077fd630;
T_3 ;
    %pushi/vec4 0, 0, 1;
    %store/vec4 v0x55760781dc70_0, 0, 1;
    %end;
    .thread T_3;
    .scope S_0x5576077fd630;
T_4 ;
    %vpi_call 2 53 "$dumpfile", "decoder.vcd" {0 0 0};
    %vpi_call 2 54 "$dumpvars", 32'sb00000000000000000000000000000000, S_0x5576077fd630 {0 0 0};
    %end;
    .thread T_4;
    .scope S_0x5576077fd630;
T_5 ;
    %pushi/vec4 0, 0, 1;
    %store/vec4 v0x55760781dc70_0, 0, 1;
    %pushi/vec4 0, 0, 4;
    %store/vec4 v0x55760781dba0_0, 0, 4;
    %delay 50, 0;
    %pushi/vec4 1, 0, 1;
    %store/vec4 v0x55760781dc70_0, 0, 1;
    %pushi/vec4 1, 0, 4;
    %store/vec4 v0x55760781dba0_0, 0, 4;
    %delay 50, 0;
    %pushi/vec4 1, 0, 1;
    %store/vec4 v0x55760781dc70_0, 0, 1;
    %pushi/vec4 2, 0, 4;
    %store/vec4 v0x55760781dba0_0, 0, 4;
    %delay 50, 0;
    %pushi/vec4 0, 0, 1;
    %store/vec4 v0x55760781dc70_0, 0, 1;
    %pushi/vec4 3, 0, 4;
    %store/vec4 v0x55760781dba0_0, 0, 4;
    %delay 50, 0;
    %pushi/vec4 1, 0, 1;
    %store/vec4 v0x55760781dc70_0, 0, 1;
    %pushi/vec4 4, 0, 4;
    %store/vec4 v0x55760781dba0_0, 0, 4;
    %delay 50, 0;
    %pushi/vec4 0, 0, 1;
    %store/vec4 v0x55760781dc70_0, 0, 1;
    %pushi/vec4 5, 0, 4;
    %store/vec4 v0x55760781dba0_0, 0, 4;
    %delay 50, 0;
    %pushi/vec4 1, 0, 1;
    %store/vec4 v0x55760781dc70_0, 0, 1;
    %pushi/vec4 15, 0, 4;
    %store/vec4 v0x55760781dba0_0, 0, 4;
    %delay 50, 0;
    %pushi/vec4 0, 0, 1;
    %store/vec4 v0x55760781dc70_0, 0, 1;
    %pushi/vec4 14, 0, 4;
    %store/vec4 v0x55760781dba0_0, 0, 4;
    %delay 50, 0;
    %pushi/vec4 1, 0, 1;
    %store/vec4 v0x55760781dc70_0, 0, 1;
    %pushi/vec4 13, 0, 4;
    %store/vec4 v0x55760781dba0_0, 0, 4;
    %delay 50, 0;
    %pushi/vec4 1, 0, 1;
    %store/vec4 v0x55760781dc70_0, 0, 1;
    %pushi/vec4 12, 0, 4;
    %store/vec4 v0x55760781dba0_0, 0, 4;
    %delay 50, 0;
    %end;
    .thread T_5;
    .scope S_0x5576077fd630;
T_6 ;
    %vpi_call 2 102 "$monitor", "Encoded input: %b\012enable = %b\012Decoded output:\012D15 = %b\011D14 = %b\011D13 = %b\011D12 = %b\011D11 = %b\011D10 = %b\011D9 = %b\011D8 = %b\011D7 = %b\011D6 = %b\011D5 = %b\011D4 = %b\011D3 = %b\011D2 = %b\011D1 = %b\011D0 = %b\012", v0x55760781dba0_0, v0x55760781dc70_0, &PV<v0x55760781dab0_0, 15, 1>, &PV<v0x55760781dab0_0, 14, 1>, &PV<v0x55760781dab0_0, 13, 1>, &PV<v0x55760781dab0_0, 12, 1>, &PV<v0x55760781dab0_0, 11, 1>, &PV<v0x55760781dab0_0, 10, 1>, &PV<v0x55760781dab0_0, 9, 1>, &PV<v0x55760781dab0_0, 8, 1>, &PV<v0x55760781dab0_0, 7, 1>, &PV<v0x55760781dab0_0, 6, 1>, &PV<v0x55760781dab0_0, 5, 1>, &PV<v0x55760781dab0_0, 4, 1>, &PV<v0x55760781dab0_0, 3, 1>, &PV<v0x55760781dab0_0, 2, 1>, &PV<v0x55760781dab0_0, 1, 1>, &PV<v0x55760781dab0_0, 0, 1> {0 0 0};
    %end;
    .thread T_6;
# The file index is used to find the file name in the following table.
:file_names 3;
    "N/A";
    "<interactive>";
    "decoder.v";
