#! /usr/bin/vvp
:ivl_version "10.1 (stable)";
:ivl_delay_selection "TYPICAL";
:vpi_time_precision + 0;
:vpi_module "system";
:vpi_module "vhdl_sys";
:vpi_module "v2005_math";
:vpi_module "va_math";
S_0x5616e2115ff0 .scope module, "bcdadder_tb" "bcdadder_tb" 2 27;
 .timescale 0 0;
v0x5616e2137340_0 .var "a", 3 0;
v0x5616e2137420_0 .var "b", 3 0;
v0x5616e21374f0_0 .net "carry", 0 0, v0x5616e2136f00_0;  1 drivers
v0x5616e21375f0_0 .var "carry_in", 0 0;
v0x5616e21376c0_0 .net "sum", 3 0, v0x5616e2137090_0;  1 drivers
S_0x5616e2116cc0 .scope module, "uut" "bcd_adder" 2 39, 2 1 0, S_0x5616e2115ff0;
 .timescale 0 0;
    .port_info 0 /INPUT 4 "a"
    .port_info 1 /INPUT 4 "b"
    .port_info 2 /INPUT 1 "carry_in"
    .port_info 3 /OUTPUT 4 "sum"
    .port_info 4 /OUTPUT 1 "carry"
v0x5616e2116e40_0 .net "a", 3 0, v0x5616e2137340_0;  1 drivers
v0x5616e2136e20_0 .net "b", 3 0, v0x5616e2137420_0;  1 drivers
v0x5616e2136f00_0 .var "carry", 0 0;
v0x5616e2136fd0_0 .net "carry_in", 0 0, v0x5616e21375f0_0;  1 drivers
v0x5616e2137090_0 .var "sum", 3 0;
v0x5616e21371c0_0 .var "sum_temp", 4 0;
E_0x5616e210cca0 .event edge, v0x5616e2136fd0_0, v0x5616e2136e20_0, v0x5616e2116e40_0;
    .scope S_0x5616e2116cc0;
T_0 ;
    %wait E_0x5616e210cca0;
    %load/vec4 v0x5616e2116e40_0;
    %pad/u 5;
    %load/vec4 v0x5616e2136e20_0;
    %pad/u 5;
    %add;
    %load/vec4 v0x5616e2136fd0_0;
    %pad/u 5;
    %add;
    %store/vec4 v0x5616e21371c0_0, 0, 5;
    %pushi/vec4 9, 0, 32;
    %load/vec4 v0x5616e21371c0_0;
    %pad/u 32;
    %cmp/u;
    %jmp/0xz  T_0.0, 5;
    %load/vec4 v0x5616e21371c0_0;
    %addi 6, 0, 5;
    %store/vec4 v0x5616e21371c0_0, 0, 5;
    %pushi/vec4 1, 0, 1;
    %store/vec4 v0x5616e2136f00_0, 0, 1;
    %load/vec4 v0x5616e21371c0_0;
    %parti/s 4, 0, 2;
    %store/vec4 v0x5616e2137090_0, 0, 4;
    %jmp T_0.1;
T_0.0 ;
    %pushi/vec4 0, 0, 1;
    %store/vec4 v0x5616e2136f00_0, 0, 1;
    %load/vec4 v0x5616e21371c0_0;
    %parti/s 4, 0, 2;
    %store/vec4 v0x5616e2137090_0, 0, 4;
T_0.1 ;
    %jmp T_0;
    .thread T_0, $push;
    .scope S_0x5616e2115ff0;
T_1 ;
    %vpi_call 2 49 "$dumpfile", "bcdadder.vcd" {0 0 0};
    %vpi_call 2 50 "$dumpvars", 32'sb00000000000000000000000000000000, S_0x5616e2115ff0 {0 0 0};
    %end;
    .thread T_1;
    .scope S_0x5616e2115ff0;
T_2 ;
    %pushi/vec4 0, 0, 4;
    %store/vec4 v0x5616e2137340_0, 0, 4;
    %pushi/vec4 1, 0, 4;
    %store/vec4 v0x5616e2137420_0, 0, 4;
    %pushi/vec4 0, 0, 1;
    %store/vec4 v0x5616e21375f0_0, 0, 1;
    %delay 100, 0;
    %pushi/vec4 3, 0, 4;
    %store/vec4 v0x5616e2137340_0, 0, 4;
    %pushi/vec4 4, 0, 4;
    %store/vec4 v0x5616e2137420_0, 0, 4;
    %pushi/vec4 1, 0, 1;
    %store/vec4 v0x5616e21375f0_0, 0, 1;
    %delay 100, 0;
    %pushi/vec4 8, 0, 4;
    %store/vec4 v0x5616e2137340_0, 0, 4;
    %pushi/vec4 3, 0, 4;
    %store/vec4 v0x5616e2137420_0, 0, 4;
    %pushi/vec4 0, 0, 1;
    %store/vec4 v0x5616e21375f0_0, 0, 1;
    %delay 100, 0;
    %end;
    .thread T_2;
    .scope S_0x5616e2115ff0;
T_3 ;
    %vpi_call 2 65 "$monitor", "A = %d\011B = %d\011 carryin=%d\011 Sum = %d\011 Carry = %d\011", v0x5616e2137340_0, v0x5616e2137420_0, v0x5616e21375f0_0, v0x5616e21376c0_0, v0x5616e21374f0_0 {0 0 0};
    %end;
    .thread T_3;
# The file index is used to find the file name in the following table.
:file_names 3;
    "N/A";
    "<interactive>";
    "bcdadd.v";
