#! /usr/local/bin/vvp
:ivl_version "11.0 (devel)" "(s20150603-664-g65aff653)";
:ivl_delay_selection "TYPICAL";
:vpi_time_precision - 9;
:vpi_module "system";
:vpi_module "vhdl_sys";
:vpi_module "vhdl_textio";
:vpi_module "v2005_math";
:vpi_module "va_math";
S_0x562f1a4c7410 .scope module, "full_adder_tb" "full_adder_tb" 2 27;
 .timescale -9 -9;
v0x562f1a51e640_0 .net "carry", 0 0, L_0x562f1a51f6e0;  1 drivers
v0x562f1a51e6e0_0 .var "in_a", 0 0;
v0x562f1a51e7d0_0 .var "in_b", 0 0;
v0x562f1a51e8c0_0 .var "in_c", 0 0;
v0x562f1a51e9b0_0 .net "sum", 0 0, L_0x562f1a51f4c0;  1 drivers
S_0x562f1a502340 .scope module, "h1" "Full_Adder" 2 33, 2 4 0, S_0x562f1a4c7410;
 .timescale -9 -9;
    .port_info 0 /INPUT 1 "in_a";
    .port_info 1 /INPUT 1 "in_b";
    .port_info 2 /INPUT 1 "in_c";
    .port_info 3 /OUTPUT 1 "sum";
    .port_info 4 /OUTPUT 1 "carry";
L_0x562f1a51f6e0 .functor OR 1, L_0x562f1a51f5c0, L_0x562f1a51f400, C4<0>, C4<0>;
v0x562f1a51df50_0 .net "carry", 0 0, L_0x562f1a51f6e0;  alias, 1 drivers
v0x562f1a51e030_0 .net "in_a", 0 0, v0x562f1a51e6e0_0;  1 drivers
v0x562f1a51e0f0_0 .net "in_b", 0 0, v0x562f1a51e7d0_0;  1 drivers
v0x562f1a51e1f0_0 .net "in_c", 0 0, v0x562f1a51e8c0_0;  1 drivers
v0x562f1a51e2c0_0 .net "sum", 0 0, L_0x562f1a51f4c0;  alias, 1 drivers
v0x562f1a51e3b0_0 .net "x", 0 0, L_0x562f1a51f390;  1 drivers
v0x562f1a51e4a0_0 .net "y", 0 0, L_0x562f1a51f400;  1 drivers
v0x562f1a51e540_0 .net "z", 0 0, L_0x562f1a51f5c0;  1 drivers
S_0x562f1a5025a0 .scope module, "h1" "Half_Adder" 2 9, 3 3 0, S_0x562f1a502340;
 .timescale -9 -9;
    .port_info 0 /INPUT 1 "in_a";
    .port_info 1 /INPUT 1 "in_b";
    .port_info 2 /OUTPUT 1 "sum";
    .port_info 3 /OUTPUT 1 "carry";
L_0x562f1a51f390 .functor XOR 1, v0x562f1a51e6e0_0, v0x562f1a51e7d0_0, C4<0>, C4<0>;
L_0x562f1a51f400 .functor AND 1, v0x562f1a51e6e0_0, v0x562f1a51e7d0_0, C4<1>, C4<1>;
v0x562f1a5004d0_0 .net "carry", 0 0, L_0x562f1a51f400;  alias, 1 drivers
v0x562f1a51d690_0 .net "in_a", 0 0, v0x562f1a51e6e0_0;  alias, 1 drivers
v0x562f1a51d750_0 .net "in_b", 0 0, v0x562f1a51e7d0_0;  alias, 1 drivers
v0x562f1a51d7f0_0 .net "sum", 0 0, L_0x562f1a51f390;  alias, 1 drivers
S_0x562f1a51d930 .scope module, "h2" "Half_Adder" 2 16, 3 3 0, S_0x562f1a502340;
 .timescale -9 -9;
    .port_info 0 /INPUT 1 "in_a";
    .port_info 1 /INPUT 1 "in_b";
    .port_info 2 /OUTPUT 1 "sum";
    .port_info 3 /OUTPUT 1 "carry";
L_0x562f1a51f4c0 .functor XOR 1, L_0x562f1a51f390, v0x562f1a51e8c0_0, C4<0>, C4<0>;
L_0x562f1a51f5c0 .functor AND 1, L_0x562f1a51f390, v0x562f1a51e8c0_0, C4<1>, C4<1>;
v0x562f1a51dba0_0 .net "carry", 0 0, L_0x562f1a51f5c0;  alias, 1 drivers
v0x562f1a51dc60_0 .net "in_a", 0 0, L_0x562f1a51f390;  alias, 1 drivers
v0x562f1a51dd50_0 .net "in_b", 0 0, v0x562f1a51e8c0_0;  alias, 1 drivers
v0x562f1a51de20_0 .net "sum", 0 0, L_0x562f1a51f4c0;  alias, 1 drivers
S_0x562f1a4c75a0 .scope module, "half_adder_tb" "half_adder_tb" 3 13;
 .timescale -9 -9;
v0x562f1a51f060_0 .net "carry", 0 0, L_0x562f1a51f890;  1 drivers
v0x562f1a51f120_0 .var "in_a", 0 0;
v0x562f1a51f1c0_0 .var "in_b", 0 0;
v0x562f1a51f2c0_0 .net "sum", 0 0, L_0x562f1a51f790;  1 drivers
S_0x562f1a51eaf0 .scope module, "h1" "Half_Adder" 3 18, 3 3 0, S_0x562f1a4c75a0;
 .timescale -9 -9;
    .port_info 0 /INPUT 1 "in_a";
    .port_info 1 /INPUT 1 "in_b";
    .port_info 2 /OUTPUT 1 "sum";
    .port_info 3 /OUTPUT 1 "carry";
L_0x562f1a51f790 .functor XOR 1, v0x562f1a51f120_0, v0x562f1a51f1c0_0, C4<0>, C4<0>;
L_0x562f1a51f890 .functor AND 1, v0x562f1a51f120_0, v0x562f1a51f1c0_0, C4<1>, C4<1>;
v0x562f1a51ed40_0 .net "carry", 0 0, L_0x562f1a51f890;  alias, 1 drivers
v0x562f1a51ede0_0 .net "in_a", 0 0, v0x562f1a51f120_0;  1 drivers
v0x562f1a51ee80_0 .net "in_b", 0 0, v0x562f1a51f1c0_0;  1 drivers
v0x562f1a51ef20_0 .net "sum", 0 0, L_0x562f1a51f790;  alias, 1 drivers
    .scope S_0x562f1a4c7410;
T_0 ;
    %pushi/vec4 0, 0, 1;
    %store/vec4 v0x562f1a51e6e0_0, 0, 1;
    %pushi/vec4 0, 0, 1;
    %store/vec4 v0x562f1a51e7d0_0, 0, 1;
    %pushi/vec4 0, 0, 1;
    %store/vec4 v0x562f1a51e8c0_0, 0, 1;
    %end;
    .thread T_0;
    .scope S_0x562f1a4c7410;
T_1 ;
    %vpi_call 2 44 "$dumpfile", "full_adder.vcd" {0 0 0};
    %vpi_call 2 45 "$dumpvars", 32'sb00000000000000000000000000000000, S_0x562f1a4c7410 {0 0 0};
    %end;
    .thread T_1;
    .scope S_0x562f1a4c7410;
T_2 ;
    %pushi/vec4 0, 0, 1;
    %store/vec4 v0x562f1a51e6e0_0, 0, 1;
    %pushi/vec4 0, 0, 1;
    %store/vec4 v0x562f1a51e7d0_0, 0, 1;
    %pushi/vec4 0, 0, 1;
    %store/vec4 v0x562f1a51e8c0_0, 0, 1;
    %delay 10, 0;
    %pushi/vec4 0, 0, 1;
    %store/vec4 v0x562f1a51e6e0_0, 0, 1;
    %pushi/vec4 0, 0, 1;
    %store/vec4 v0x562f1a51e7d0_0, 0, 1;
    %pushi/vec4 1, 0, 1;
    %store/vec4 v0x562f1a51e8c0_0, 0, 1;
    %delay 10, 0;
    %pushi/vec4 0, 0, 1;
    %store/vec4 v0x562f1a51e6e0_0, 0, 1;
    %pushi/vec4 1, 0, 1;
    %store/vec4 v0x562f1a51e7d0_0, 0, 1;
    %pushi/vec4 0, 0, 1;
    %store/vec4 v0x562f1a51e8c0_0, 0, 1;
    %delay 10, 0;
    %pushi/vec4 0, 0, 1;
    %store/vec4 v0x562f1a51e6e0_0, 0, 1;
    %pushi/vec4 1, 0, 1;
    %store/vec4 v0x562f1a51e7d0_0, 0, 1;
    %pushi/vec4 1, 0, 1;
    %store/vec4 v0x562f1a51e8c0_0, 0, 1;
    %delay 10, 0;
    %pushi/vec4 1, 0, 1;
    %store/vec4 v0x562f1a51e6e0_0, 0, 1;
    %pushi/vec4 0, 0, 1;
    %store/vec4 v0x562f1a51e7d0_0, 0, 1;
    %pushi/vec4 0, 0, 1;
    %store/vec4 v0x562f1a51e8c0_0, 0, 1;
    %delay 10, 0;
    %pushi/vec4 1, 0, 1;
    %store/vec4 v0x562f1a51e6e0_0, 0, 1;
    %pushi/vec4 0, 0, 1;
    %store/vec4 v0x562f1a51e7d0_0, 0, 1;
    %pushi/vec4 1, 0, 1;
    %store/vec4 v0x562f1a51e8c0_0, 0, 1;
    %delay 10, 0;
    %pushi/vec4 1, 0, 1;
    %store/vec4 v0x562f1a51e6e0_0, 0, 1;
    %pushi/vec4 1, 0, 1;
    %store/vec4 v0x562f1a51e7d0_0, 0, 1;
    %pushi/vec4 0, 0, 1;
    %store/vec4 v0x562f1a51e8c0_0, 0, 1;
    %delay 10, 0;
    %pushi/vec4 1, 0, 1;
    %store/vec4 v0x562f1a51e6e0_0, 0, 1;
    %pushi/vec4 1, 0, 1;
    %store/vec4 v0x562f1a51e7d0_0, 0, 1;
    %pushi/vec4 1, 0, 1;
    %store/vec4 v0x562f1a51e8c0_0, 0, 1;
    %delay 10, 0;
    %end;
    .thread T_2;
    .scope S_0x562f1a4c7410;
T_3 ;
    %vpi_call 2 86 "$monitor", "A = %d\011B = %d\011C = %d\011Sum = %d\011Carry = %d\011", v0x562f1a51e6e0_0, v0x562f1a51e7d0_0, v0x562f1a51e8c0_0, v0x562f1a51e9b0_0, v0x562f1a51e640_0 {0 0 0};
    %end;
    .thread T_3;
    .scope S_0x562f1a4c75a0;
T_4 ;
    %pushi/vec4 0, 0, 1;
    %store/vec4 v0x562f1a51f120_0, 0, 1;
    %pushi/vec4 0, 0, 1;
    %store/vec4 v0x562f1a51f1c0_0, 0, 1;
    %end;
    .thread T_4;
    .scope S_0x562f1a4c75a0;
T_5 ;
    %vpi_call 3 28 "$dumpfile", "half_adder.vcd" {0 0 0};
    %vpi_call 3 29 "$dumpvars", 32'sb00000000000000000000000000000000, S_0x562f1a4c75a0 {0 0 0};
    %end;
    .thread T_5;
    .scope S_0x562f1a4c75a0;
T_6 ;
    %pushi/vec4 0, 0, 1;
    %store/vec4 v0x562f1a51f120_0, 0, 1;
    %pushi/vec4 0, 0, 1;
    %store/vec4 v0x562f1a51f1c0_0, 0, 1;
    %delay 10, 0;
    %pushi/vec4 1, 0, 1;
    %store/vec4 v0x562f1a51f120_0, 0, 1;
    %pushi/vec4 0, 0, 1;
    %store/vec4 v0x562f1a51f1c0_0, 0, 1;
    %delay 10, 0;
    %pushi/vec4 0, 0, 1;
    %store/vec4 v0x562f1a51f120_0, 0, 1;
    %pushi/vec4 1, 0, 1;
    %store/vec4 v0x562f1a51f1c0_0, 0, 1;
    %delay 10, 0;
    %pushi/vec4 1, 0, 1;
    %store/vec4 v0x562f1a51f120_0, 0, 1;
    %pushi/vec4 1, 0, 1;
    %store/vec4 v0x562f1a51f1c0_0, 0, 1;
    %delay 10, 0;
    %end;
    .thread T_6;
    .scope S_0x562f1a4c75a0;
T_7 ;
    %vpi_call 3 50 "$monitor", "A = %d\011B = %d\011Sum = %d\011Carry = %d\011", v0x562f1a51f120_0, v0x562f1a51f1c0_0, v0x562f1a51f2c0_0, v0x562f1a51f060_0 {0 0 0};
    %end;
    .thread T_7;
# The file index is used to find the file name in the following table.
:file_names 4;
    "N/A";
    "<interactive>";
    "fulladder.v";
    "./lib/halfadder.v";
