#! /usr/local/bin/vvp
:ivl_version "11.0 (devel)" "(s20150603-664-g65aff653)";
:ivl_delay_selection "TYPICAL";
:vpi_time_precision + 0;
:vpi_module "system";
:vpi_module "vhdl_sys";
:vpi_module "vhdl_textio";
:vpi_module "v2005_math";
:vpi_module "va_math";
S_0x55f9f5d7ca70 .scope module, "regi_TB" "regi_TB" 2 1;
 .timescale 0 0;
v0x55f9f5dc0140_0 .var "D", 31 0;
v0x55f9f5dc0220_0 .var "En", 0 0;
v0x55f9f5dc02c0_0 .net "Q", 31 0, L_0x55f9f5dc2b20;  1 drivers
v0x55f9f5dc03c0_0 .var "r", 0 0;
E_0x55f9f5d6d580 .event edge, v0x55f9f5dbf670_0;
S_0x55f9f5d7e470 .scope module, "R1" "regi" 2 5, 3 1 0, S_0x55f9f5d7ca70;
 .timescale 0 0;
    .port_info 0 /INPUT 32 "D";
    .port_info 1 /INPUT 1 "clk";
    .port_info 2 /OUTPUT 32 "Q";
    .port_info 3 /INPUT 1 "r";
v0x55f9f5dbf570_0 .net "D", 31 0, v0x55f9f5dc0140_0;  1 drivers
v0x55f9f5dbf670_0 .net "Q", 31 0, L_0x55f9f5dc2b20;  alias, 1 drivers
v0x55f9f5dbf750_0 .net "clk", 0 0, v0x55f9f5dc0220_0;  1 drivers
v0x55f9f5dbfc00_0 .net "r", 0 0, v0x55f9f5dc03c0_0;  1 drivers
L_0x55f9f5dc0460 .part v0x55f9f5dc0140_0, 0, 1;
L_0x55f9f5dc0580 .part v0x55f9f5dc0140_0, 1, 1;
L_0x55f9f5dc0620 .part v0x55f9f5dc0140_0, 2, 1;
L_0x55f9f5dc06f0 .part v0x55f9f5dc0140_0, 3, 1;
L_0x55f9f5dc07f0 .part v0x55f9f5dc0140_0, 4, 1;
L_0x55f9f5dc08c0 .part v0x55f9f5dc0140_0, 5, 1;
L_0x55f9f5dc09d0 .part v0x55f9f5dc0140_0, 6, 1;
L_0x55f9f5dc0a70 .part v0x55f9f5dc0140_0, 7, 1;
L_0x55f9f5dc0b90 .part v0x55f9f5dc0140_0, 8, 1;
L_0x55f9f5dc0c60 .part v0x55f9f5dc0140_0, 9, 1;
L_0x55f9f5dc0d90 .part v0x55f9f5dc0140_0, 10, 1;
L_0x55f9f5dc0e60 .part v0x55f9f5dc0140_0, 11, 1;
L_0x55f9f5dc0fa0 .part v0x55f9f5dc0140_0, 12, 1;
L_0x55f9f5dc1070 .part v0x55f9f5dc0140_0, 13, 1;
L_0x55f9f5dc11c0 .part v0x55f9f5dc0140_0, 14, 1;
L_0x55f9f5dc1290 .part v0x55f9f5dc0140_0, 15, 1;
L_0x55f9f5dc13f0 .part v0x55f9f5dc0140_0, 16, 1;
L_0x55f9f5dc14c0 .part v0x55f9f5dc0140_0, 17, 1;
L_0x55f9f5dc1630 .part v0x55f9f5dc0140_0, 18, 1;
L_0x55f9f5dc1700 .part v0x55f9f5dc0140_0, 19, 1;
L_0x55f9f5dc1590 .part v0x55f9f5dc0140_0, 20, 1;
L_0x55f9f5dc18b0 .part v0x55f9f5dc0140_0, 21, 1;
L_0x55f9f5dc1a40 .part v0x55f9f5dc0140_0, 22, 1;
L_0x55f9f5dc1b10 .part v0x55f9f5dc0140_0, 23, 1;
L_0x55f9f5dc1cb0 .part v0x55f9f5dc0140_0, 24, 1;
L_0x55f9f5dc1d80 .part v0x55f9f5dc0140_0, 25, 1;
L_0x55f9f5dc1f30 .part v0x55f9f5dc0140_0, 26, 1;
L_0x55f9f5dc2000 .part v0x55f9f5dc0140_0, 27, 1;
L_0x55f9f5dc21c0 .part v0x55f9f5dc0140_0, 28, 1;
L_0x55f9f5dc2290 .part v0x55f9f5dc0140_0, 29, 1;
L_0x55f9f5dc2460 .part v0x55f9f5dc0140_0, 30, 1;
L_0x55f9f5dc2940 .part v0x55f9f5dc0140_0, 31, 1;
LS_0x55f9f5dc2b20_0_0 .concat8 [ 1 1 1 1], v0x55f9f5d80000_0, v0x55f9f5d7cc00_0, v0x55f9f5daeda0_0, v0x55f9f5daf670_0;
LS_0x55f9f5dc2b20_0_4 .concat8 [ 1 1 1 1], v0x55f9f5dafef0_0, v0x55f9f5db0710_0, v0x55f9f5db0fe0_0, v0x55f9f5db18b0_0;
LS_0x55f9f5dc2b20_0_8 .concat8 [ 1 1 1 1], v0x55f9f5db21c0_0, v0x55f9f5db2ba0_0, v0x55f9f5db3470_0, v0x55f9f5db3d40_0;
LS_0x55f9f5dc2b20_0_12 .concat8 [ 1 1 1 1], v0x55f9f5db4610_0, v0x55f9f5db4ee0_0, v0x55f9f5db57b0_0, v0x55f9f5db6080_0;
LS_0x55f9f5dc2b20_0_16 .concat8 [ 1 1 1 1], v0x55f9f5db6a60_0, v0x55f9f5db7750_0, v0x55f9f5db8020_0, v0x55f9f5db88f0_0;
LS_0x55f9f5dc2b20_0_20 .concat8 [ 1 1 1 1], v0x55f9f5db91c0_0, v0x55f9f5db9a90_0, v0x55f9f5dba360_0, v0x55f9f5dbac30_0;
LS_0x55f9f5dc2b20_0_24 .concat8 [ 1 1 1 1], v0x55f9f5dbb500_0, v0x55f9f5dbbdd0_0, v0x55f9f5dbc6a0_0, v0x55f9f5dbcf70_0;
LS_0x55f9f5dc2b20_0_28 .concat8 [ 1 1 1 1], v0x55f9f5dbd840_0, v0x55f9f5dbe110_0, v0x55f9f5dbe9e0_0, v0x55f9f5dbf2b0_0;
LS_0x55f9f5dc2b20_1_0 .concat8 [ 4 4 4 4], LS_0x55f9f5dc2b20_0_0, LS_0x55f9f5dc2b20_0_4, LS_0x55f9f5dc2b20_0_8, LS_0x55f9f5dc2b20_0_12;
LS_0x55f9f5dc2b20_1_4 .concat8 [ 4 4 4 4], LS_0x55f9f5dc2b20_0_16, LS_0x55f9f5dc2b20_0_20, LS_0x55f9f5dc2b20_0_24, LS_0x55f9f5dc2b20_0_28;
L_0x55f9f5dc2b20 .concat8 [ 16 16 0 0], LS_0x55f9f5dc2b20_1_0, LS_0x55f9f5dc2b20_1_4;
S_0x55f9f5d7f170 .scope generate, "genblk1[0]" "genblk1[0]" 3 7, 3 7 0, S_0x55f9f5d7e470;
 .timescale 0 0;
P_0x55f9f5d92600 .param/l "i" 0 3 7, +C4<00>;
S_0x55f9f5d7fe70 .scope module, "d" "dff" 3 9, 4 1 0, S_0x55f9f5d7f170;
 .timescale 0 0;
    .port_info 0 /INPUT 1 "D";
    .port_info 1 /INPUT 1 "clk";
    .port_info 2 /OUTPUT 1 "Q";
    .port_info 3 /INPUT 1 "r";
v0x55f9f5d7c3c0_0 .net "D", 0 0, L_0x55f9f5dc0460;  1 drivers
v0x55f9f5d80000_0 .var "Q", 0 0;
v0x55f9f5d7f300_0 .net "clk", 0 0, v0x55f9f5dc0220_0;  alias, 1 drivers
v0x55f9f5d7e600_0 .net "r", 0 0, v0x55f9f5dc03c0_0;  alias, 1 drivers
E_0x55f9f5d6d690 .event posedge, v0x55f9f5d7f300_0;
S_0x55f9f5d80b70 .scope generate, "genblk1[1]" "genblk1[1]" 3 7, 3 7 0, S_0x55f9f5d7e470;
 .timescale 0 0;
P_0x55f9f5dae530 .param/l "i" 0 3 7, +C4<01>;
S_0x55f9f5d7d770 .scope module, "d" "dff" 3 9, 4 1 0, S_0x55f9f5d80b70;
 .timescale 0 0;
    .port_info 0 /INPUT 1 "D";
    .port_info 1 /INPUT 1 "clk";
    .port_info 2 /OUTPUT 1 "Q";
    .port_info 3 /INPUT 1 "r";
v0x55f9f5d7d900_0 .net "D", 0 0, L_0x55f9f5dc0580;  1 drivers
v0x55f9f5d7cc00_0 .var "Q", 0 0;
v0x55f9f5d7bd90_0 .net "clk", 0 0, v0x55f9f5dc0220_0;  alias, 1 drivers
v0x55f9f5dae6d0_0 .net "r", 0 0, v0x55f9f5dc03c0_0;  alias, 1 drivers
S_0x55f9f5dae7f0 .scope generate, "genblk1[2]" "genblk1[2]" 3 7, 3 7 0, S_0x55f9f5d7e470;
 .timescale 0 0;
P_0x55f9f5dae9f0 .param/l "i" 0 3 7, +C4<010>;
S_0x55f9f5daeab0 .scope module, "d" "dff" 3 9, 4 1 0, S_0x55f9f5dae7f0;
 .timescale 0 0;
    .port_info 0 /INPUT 1 "D";
    .port_info 1 /INPUT 1 "clk";
    .port_info 2 /OUTPUT 1 "Q";
    .port_info 3 /INPUT 1 "r";
v0x55f9f5daecc0_0 .net "D", 0 0, L_0x55f9f5dc0620;  1 drivers
v0x55f9f5daeda0_0 .var "Q", 0 0;
v0x55f9f5daee60_0 .net "clk", 0 0, v0x55f9f5dc0220_0;  alias, 1 drivers
v0x55f9f5daef80_0 .net "r", 0 0, v0x55f9f5dc03c0_0;  alias, 1 drivers
S_0x55f9f5daf0d0 .scope generate, "genblk1[3]" "genblk1[3]" 3 7, 3 7 0, S_0x55f9f5d7e470;
 .timescale 0 0;
P_0x55f9f5daf2d0 .param/l "i" 0 3 7, +C4<011>;
S_0x55f9f5daf3b0 .scope module, "d" "dff" 3 9, 4 1 0, S_0x55f9f5daf0d0;
 .timescale 0 0;
    .port_info 0 /INPUT 1 "D";
    .port_info 1 /INPUT 1 "clk";
    .port_info 2 /OUTPUT 1 "Q";
    .port_info 3 /INPUT 1 "r";
v0x55f9f5daf590_0 .net "D", 0 0, L_0x55f9f5dc06f0;  1 drivers
v0x55f9f5daf670_0 .var "Q", 0 0;
v0x55f9f5daf730_0 .net "clk", 0 0, v0x55f9f5dc0220_0;  alias, 1 drivers
v0x55f9f5daf7d0_0 .net "r", 0 0, v0x55f9f5dc03c0_0;  alias, 1 drivers
S_0x55f9f5daf900 .scope generate, "genblk1[4]" "genblk1[4]" 3 7, 3 7 0, S_0x55f9f5d7e470;
 .timescale 0 0;
P_0x55f9f5dafb50 .param/l "i" 0 3 7, +C4<0100>;
S_0x55f9f5dafc30 .scope module, "d" "dff" 3 9, 4 1 0, S_0x55f9f5daf900;
 .timescale 0 0;
    .port_info 0 /INPUT 1 "D";
    .port_info 1 /INPUT 1 "clk";
    .port_info 2 /OUTPUT 1 "Q";
    .port_info 3 /INPUT 1 "r";
v0x55f9f5dafe10_0 .net "D", 0 0, L_0x55f9f5dc07f0;  1 drivers
v0x55f9f5dafef0_0 .var "Q", 0 0;
v0x55f9f5daffb0_0 .net "clk", 0 0, v0x55f9f5dc0220_0;  alias, 1 drivers
v0x55f9f5db0050_0 .net "r", 0 0, v0x55f9f5dc03c0_0;  alias, 1 drivers
S_0x55f9f5db0210 .scope generate, "genblk1[5]" "genblk1[5]" 3 7, 3 7 0, S_0x55f9f5d7e470;
 .timescale 0 0;
P_0x55f9f5daef30 .param/l "i" 0 3 7, +C4<0101>;
S_0x55f9f5db0450 .scope module, "d" "dff" 3 9, 4 1 0, S_0x55f9f5db0210;
 .timescale 0 0;
    .port_info 0 /INPUT 1 "D";
    .port_info 1 /INPUT 1 "clk";
    .port_info 2 /OUTPUT 1 "Q";
    .port_info 3 /INPUT 1 "r";
v0x55f9f5db0630_0 .net "D", 0 0, L_0x55f9f5dc08c0;  1 drivers
v0x55f9f5db0710_0 .var "Q", 0 0;
v0x55f9f5db07d0_0 .net "clk", 0 0, v0x55f9f5dc0220_0;  alias, 1 drivers
v0x55f9f5db08a0_0 .net "r", 0 0, v0x55f9f5dc03c0_0;  alias, 1 drivers
S_0x55f9f5db09d0 .scope generate, "genblk1[6]" "genblk1[6]" 3 7, 3 7 0, S_0x55f9f5d7e470;
 .timescale 0 0;
P_0x55f9f5db0bd0 .param/l "i" 0 3 7, +C4<0110>;
S_0x55f9f5db0cb0 .scope module, "d" "dff" 3 9, 4 1 0, S_0x55f9f5db09d0;
 .timescale 0 0;
    .port_info 0 /INPUT 1 "D";
    .port_info 1 /INPUT 1 "clk";
    .port_info 2 /OUTPUT 1 "Q";
    .port_info 3 /INPUT 1 "r";
v0x55f9f5db0f00_0 .net "D", 0 0, L_0x55f9f5dc09d0;  1 drivers
v0x55f9f5db0fe0_0 .var "Q", 0 0;
v0x55f9f5db10a0_0 .net "clk", 0 0, v0x55f9f5dc0220_0;  alias, 1 drivers
v0x55f9f5db1170_0 .net "r", 0 0, v0x55f9f5dc03c0_0;  alias, 1 drivers
S_0x55f9f5db12a0 .scope generate, "genblk1[7]" "genblk1[7]" 3 7, 3 7 0, S_0x55f9f5d7e470;
 .timescale 0 0;
P_0x55f9f5db14a0 .param/l "i" 0 3 7, +C4<0111>;
S_0x55f9f5db1580 .scope module, "d" "dff" 3 9, 4 1 0, S_0x55f9f5db12a0;
 .timescale 0 0;
    .port_info 0 /INPUT 1 "D";
    .port_info 1 /INPUT 1 "clk";
    .port_info 2 /OUTPUT 1 "Q";
    .port_info 3 /INPUT 1 "r";
v0x55f9f5db17d0_0 .net "D", 0 0, L_0x55f9f5dc0a70;  1 drivers
v0x55f9f5db18b0_0 .var "Q", 0 0;
v0x55f9f5db1970_0 .net "clk", 0 0, v0x55f9f5dc0220_0;  alias, 1 drivers
v0x55f9f5db1a40_0 .net "r", 0 0, v0x55f9f5dc03c0_0;  alias, 1 drivers
S_0x55f9f5db1b70 .scope generate, "genblk1[8]" "genblk1[8]" 3 7, 3 7 0, S_0x55f9f5d7e470;
 .timescale 0 0;
P_0x55f9f5dafb00 .param/l "i" 0 3 7, +C4<01000>;
S_0x55f9f5db1e90 .scope module, "d" "dff" 3 9, 4 1 0, S_0x55f9f5db1b70;
 .timescale 0 0;
    .port_info 0 /INPUT 1 "D";
    .port_info 1 /INPUT 1 "clk";
    .port_info 2 /OUTPUT 1 "Q";
    .port_info 3 /INPUT 1 "r";
v0x55f9f5db20e0_0 .net "D", 0 0, L_0x55f9f5dc0b90;  1 drivers
v0x55f9f5db21c0_0 .var "Q", 0 0;
v0x55f9f5db2280_0 .net "clk", 0 0, v0x55f9f5dc0220_0;  alias, 1 drivers
v0x55f9f5db2350_0 .net "r", 0 0, v0x55f9f5dc03c0_0;  alias, 1 drivers
S_0x55f9f5db2590 .scope generate, "genblk1[9]" "genblk1[9]" 3 7, 3 7 0, S_0x55f9f5d7e470;
 .timescale 0 0;
P_0x55f9f5db2790 .param/l "i" 0 3 7, +C4<01001>;
S_0x55f9f5db2870 .scope module, "d" "dff" 3 9, 4 1 0, S_0x55f9f5db2590;
 .timescale 0 0;
    .port_info 0 /INPUT 1 "D";
    .port_info 1 /INPUT 1 "clk";
    .port_info 2 /OUTPUT 1 "Q";
    .port_info 3 /INPUT 1 "r";
v0x55f9f5db2ac0_0 .net "D", 0 0, L_0x55f9f5dc0c60;  1 drivers
v0x55f9f5db2ba0_0 .var "Q", 0 0;
v0x55f9f5db2c60_0 .net "clk", 0 0, v0x55f9f5dc0220_0;  alias, 1 drivers
v0x55f9f5db2d30_0 .net "r", 0 0, v0x55f9f5dc03c0_0;  alias, 1 drivers
S_0x55f9f5db2e60 .scope generate, "genblk1[10]" "genblk1[10]" 3 7, 3 7 0, S_0x55f9f5d7e470;
 .timescale 0 0;
P_0x55f9f5db3060 .param/l "i" 0 3 7, +C4<01010>;
S_0x55f9f5db3140 .scope module, "d" "dff" 3 9, 4 1 0, S_0x55f9f5db2e60;
 .timescale 0 0;
    .port_info 0 /INPUT 1 "D";
    .port_info 1 /INPUT 1 "clk";
    .port_info 2 /OUTPUT 1 "Q";
    .port_info 3 /INPUT 1 "r";
v0x55f9f5db3390_0 .net "D", 0 0, L_0x55f9f5dc0d90;  1 drivers
v0x55f9f5db3470_0 .var "Q", 0 0;
v0x55f9f5db3530_0 .net "clk", 0 0, v0x55f9f5dc0220_0;  alias, 1 drivers
v0x55f9f5db3600_0 .net "r", 0 0, v0x55f9f5dc03c0_0;  alias, 1 drivers
S_0x55f9f5db3730 .scope generate, "genblk1[11]" "genblk1[11]" 3 7, 3 7 0, S_0x55f9f5d7e470;
 .timescale 0 0;
P_0x55f9f5db3930 .param/l "i" 0 3 7, +C4<01011>;
S_0x55f9f5db3a10 .scope module, "d" "dff" 3 9, 4 1 0, S_0x55f9f5db3730;
 .timescale 0 0;
    .port_info 0 /INPUT 1 "D";
    .port_info 1 /INPUT 1 "clk";
    .port_info 2 /OUTPUT 1 "Q";
    .port_info 3 /INPUT 1 "r";
v0x55f9f5db3c60_0 .net "D", 0 0, L_0x55f9f5dc0e60;  1 drivers
v0x55f9f5db3d40_0 .var "Q", 0 0;
v0x55f9f5db3e00_0 .net "clk", 0 0, v0x55f9f5dc0220_0;  alias, 1 drivers
v0x55f9f5db3ed0_0 .net "r", 0 0, v0x55f9f5dc03c0_0;  alias, 1 drivers
S_0x55f9f5db4000 .scope generate, "genblk1[12]" "genblk1[12]" 3 7, 3 7 0, S_0x55f9f5d7e470;
 .timescale 0 0;
P_0x55f9f5db4200 .param/l "i" 0 3 7, +C4<01100>;
S_0x55f9f5db42e0 .scope module, "d" "dff" 3 9, 4 1 0, S_0x55f9f5db4000;
 .timescale 0 0;
    .port_info 0 /INPUT 1 "D";
    .port_info 1 /INPUT 1 "clk";
    .port_info 2 /OUTPUT 1 "Q";
    .port_info 3 /INPUT 1 "r";
v0x55f9f5db4530_0 .net "D", 0 0, L_0x55f9f5dc0fa0;  1 drivers
v0x55f9f5db4610_0 .var "Q", 0 0;
v0x55f9f5db46d0_0 .net "clk", 0 0, v0x55f9f5dc0220_0;  alias, 1 drivers
v0x55f9f5db47a0_0 .net "r", 0 0, v0x55f9f5dc03c0_0;  alias, 1 drivers
S_0x55f9f5db48d0 .scope generate, "genblk1[13]" "genblk1[13]" 3 7, 3 7 0, S_0x55f9f5d7e470;
 .timescale 0 0;
P_0x55f9f5db4ad0 .param/l "i" 0 3 7, +C4<01101>;
S_0x55f9f5db4bb0 .scope module, "d" "dff" 3 9, 4 1 0, S_0x55f9f5db48d0;
 .timescale 0 0;
    .port_info 0 /INPUT 1 "D";
    .port_info 1 /INPUT 1 "clk";
    .port_info 2 /OUTPUT 1 "Q";
    .port_info 3 /INPUT 1 "r";
v0x55f9f5db4e00_0 .net "D", 0 0, L_0x55f9f5dc1070;  1 drivers
v0x55f9f5db4ee0_0 .var "Q", 0 0;
v0x55f9f5db4fa0_0 .net "clk", 0 0, v0x55f9f5dc0220_0;  alias, 1 drivers
v0x55f9f5db5070_0 .net "r", 0 0, v0x55f9f5dc03c0_0;  alias, 1 drivers
S_0x55f9f5db51a0 .scope generate, "genblk1[14]" "genblk1[14]" 3 7, 3 7 0, S_0x55f9f5d7e470;
 .timescale 0 0;
P_0x55f9f5db53a0 .param/l "i" 0 3 7, +C4<01110>;
S_0x55f9f5db5480 .scope module, "d" "dff" 3 9, 4 1 0, S_0x55f9f5db51a0;
 .timescale 0 0;
    .port_info 0 /INPUT 1 "D";
    .port_info 1 /INPUT 1 "clk";
    .port_info 2 /OUTPUT 1 "Q";
    .port_info 3 /INPUT 1 "r";
v0x55f9f5db56d0_0 .net "D", 0 0, L_0x55f9f5dc11c0;  1 drivers
v0x55f9f5db57b0_0 .var "Q", 0 0;
v0x55f9f5db5870_0 .net "clk", 0 0, v0x55f9f5dc0220_0;  alias, 1 drivers
v0x55f9f5db5940_0 .net "r", 0 0, v0x55f9f5dc03c0_0;  alias, 1 drivers
S_0x55f9f5db5a70 .scope generate, "genblk1[15]" "genblk1[15]" 3 7, 3 7 0, S_0x55f9f5d7e470;
 .timescale 0 0;
P_0x55f9f5db5c70 .param/l "i" 0 3 7, +C4<01111>;
S_0x55f9f5db5d50 .scope module, "d" "dff" 3 9, 4 1 0, S_0x55f9f5db5a70;
 .timescale 0 0;
    .port_info 0 /INPUT 1 "D";
    .port_info 1 /INPUT 1 "clk";
    .port_info 2 /OUTPUT 1 "Q";
    .port_info 3 /INPUT 1 "r";
v0x55f9f5db5fa0_0 .net "D", 0 0, L_0x55f9f5dc1290;  1 drivers
v0x55f9f5db6080_0 .var "Q", 0 0;
v0x55f9f5db6140_0 .net "clk", 0 0, v0x55f9f5dc0220_0;  alias, 1 drivers
v0x55f9f5db6210_0 .net "r", 0 0, v0x55f9f5dc03c0_0;  alias, 1 drivers
S_0x55f9f5db6340 .scope generate, "genblk1[16]" "genblk1[16]" 3 7, 3 7 0, S_0x55f9f5d7e470;
 .timescale 0 0;
P_0x55f9f5db6650 .param/l "i" 0 3 7, +C4<010000>;
S_0x55f9f5db6730 .scope module, "d" "dff" 3 9, 4 1 0, S_0x55f9f5db6340;
 .timescale 0 0;
    .port_info 0 /INPUT 1 "D";
    .port_info 1 /INPUT 1 "clk";
    .port_info 2 /OUTPUT 1 "Q";
    .port_info 3 /INPUT 1 "r";
v0x55f9f5db6980_0 .net "D", 0 0, L_0x55f9f5dc13f0;  1 drivers
v0x55f9f5db6a60_0 .var "Q", 0 0;
v0x55f9f5db6b20_0 .net "clk", 0 0, v0x55f9f5dc0220_0;  alias, 1 drivers
v0x55f9f5db6e00_0 .net "r", 0 0, v0x55f9f5dc03c0_0;  alias, 1 drivers
S_0x55f9f5db7140 .scope generate, "genblk1[17]" "genblk1[17]" 3 7, 3 7 0, S_0x55f9f5d7e470;
 .timescale 0 0;
P_0x55f9f5db7340 .param/l "i" 0 3 7, +C4<010001>;
S_0x55f9f5db7420 .scope module, "d" "dff" 3 9, 4 1 0, S_0x55f9f5db7140;
 .timescale 0 0;
    .port_info 0 /INPUT 1 "D";
    .port_info 1 /INPUT 1 "clk";
    .port_info 2 /OUTPUT 1 "Q";
    .port_info 3 /INPUT 1 "r";
v0x55f9f5db7670_0 .net "D", 0 0, L_0x55f9f5dc14c0;  1 drivers
v0x55f9f5db7750_0 .var "Q", 0 0;
v0x55f9f5db7810_0 .net "clk", 0 0, v0x55f9f5dc0220_0;  alias, 1 drivers
v0x55f9f5db78e0_0 .net "r", 0 0, v0x55f9f5dc03c0_0;  alias, 1 drivers
S_0x55f9f5db7a10 .scope generate, "genblk1[18]" "genblk1[18]" 3 7, 3 7 0, S_0x55f9f5d7e470;
 .timescale 0 0;
P_0x55f9f5db7c10 .param/l "i" 0 3 7, +C4<010010>;
S_0x55f9f5db7cf0 .scope module, "d" "dff" 3 9, 4 1 0, S_0x55f9f5db7a10;
 .timescale 0 0;
    .port_info 0 /INPUT 1 "D";
    .port_info 1 /INPUT 1 "clk";
    .port_info 2 /OUTPUT 1 "Q";
    .port_info 3 /INPUT 1 "r";
v0x55f9f5db7f40_0 .net "D", 0 0, L_0x55f9f5dc1630;  1 drivers
v0x55f9f5db8020_0 .var "Q", 0 0;
v0x55f9f5db80e0_0 .net "clk", 0 0, v0x55f9f5dc0220_0;  alias, 1 drivers
v0x55f9f5db81b0_0 .net "r", 0 0, v0x55f9f5dc03c0_0;  alias, 1 drivers
S_0x55f9f5db82e0 .scope generate, "genblk1[19]" "genblk1[19]" 3 7, 3 7 0, S_0x55f9f5d7e470;
 .timescale 0 0;
P_0x55f9f5db84e0 .param/l "i" 0 3 7, +C4<010011>;
S_0x55f9f5db85c0 .scope module, "d" "dff" 3 9, 4 1 0, S_0x55f9f5db82e0;
 .timescale 0 0;
    .port_info 0 /INPUT 1 "D";
    .port_info 1 /INPUT 1 "clk";
    .port_info 2 /OUTPUT 1 "Q";
    .port_info 3 /INPUT 1 "r";
v0x55f9f5db8810_0 .net "D", 0 0, L_0x55f9f5dc1700;  1 drivers
v0x55f9f5db88f0_0 .var "Q", 0 0;
v0x55f9f5db89b0_0 .net "clk", 0 0, v0x55f9f5dc0220_0;  alias, 1 drivers
v0x55f9f5db8a80_0 .net "r", 0 0, v0x55f9f5dc03c0_0;  alias, 1 drivers
S_0x55f9f5db8bb0 .scope generate, "genblk1[20]" "genblk1[20]" 3 7, 3 7 0, S_0x55f9f5d7e470;
 .timescale 0 0;
P_0x55f9f5db8db0 .param/l "i" 0 3 7, +C4<010100>;
S_0x55f9f5db8e90 .scope module, "d" "dff" 3 9, 4 1 0, S_0x55f9f5db8bb0;
 .timescale 0 0;
    .port_info 0 /INPUT 1 "D";
    .port_info 1 /INPUT 1 "clk";
    .port_info 2 /OUTPUT 1 "Q";
    .port_info 3 /INPUT 1 "r";
v0x55f9f5db90e0_0 .net "D", 0 0, L_0x55f9f5dc1590;  1 drivers
v0x55f9f5db91c0_0 .var "Q", 0 0;
v0x55f9f5db9280_0 .net "clk", 0 0, v0x55f9f5dc0220_0;  alias, 1 drivers
v0x55f9f5db9350_0 .net "r", 0 0, v0x55f9f5dc03c0_0;  alias, 1 drivers
S_0x55f9f5db9480 .scope generate, "genblk1[21]" "genblk1[21]" 3 7, 3 7 0, S_0x55f9f5d7e470;
 .timescale 0 0;
P_0x55f9f5db9680 .param/l "i" 0 3 7, +C4<010101>;
S_0x55f9f5db9760 .scope module, "d" "dff" 3 9, 4 1 0, S_0x55f9f5db9480;
 .timescale 0 0;
    .port_info 0 /INPUT 1 "D";
    .port_info 1 /INPUT 1 "clk";
    .port_info 2 /OUTPUT 1 "Q";
    .port_info 3 /INPUT 1 "r";
v0x55f9f5db99b0_0 .net "D", 0 0, L_0x55f9f5dc18b0;  1 drivers
v0x55f9f5db9a90_0 .var "Q", 0 0;
v0x55f9f5db9b50_0 .net "clk", 0 0, v0x55f9f5dc0220_0;  alias, 1 drivers
v0x55f9f5db9c20_0 .net "r", 0 0, v0x55f9f5dc03c0_0;  alias, 1 drivers
S_0x55f9f5db9d50 .scope generate, "genblk1[22]" "genblk1[22]" 3 7, 3 7 0, S_0x55f9f5d7e470;
 .timescale 0 0;
P_0x55f9f5db9f50 .param/l "i" 0 3 7, +C4<010110>;
S_0x55f9f5dba030 .scope module, "d" "dff" 3 9, 4 1 0, S_0x55f9f5db9d50;
 .timescale 0 0;
    .port_info 0 /INPUT 1 "D";
    .port_info 1 /INPUT 1 "clk";
    .port_info 2 /OUTPUT 1 "Q";
    .port_info 3 /INPUT 1 "r";
v0x55f9f5dba280_0 .net "D", 0 0, L_0x55f9f5dc1a40;  1 drivers
v0x55f9f5dba360_0 .var "Q", 0 0;
v0x55f9f5dba420_0 .net "clk", 0 0, v0x55f9f5dc0220_0;  alias, 1 drivers
v0x55f9f5dba4f0_0 .net "r", 0 0, v0x55f9f5dc03c0_0;  alias, 1 drivers
S_0x55f9f5dba620 .scope generate, "genblk1[23]" "genblk1[23]" 3 7, 3 7 0, S_0x55f9f5d7e470;
 .timescale 0 0;
P_0x55f9f5dba820 .param/l "i" 0 3 7, +C4<010111>;
S_0x55f9f5dba900 .scope module, "d" "dff" 3 9, 4 1 0, S_0x55f9f5dba620;
 .timescale 0 0;
    .port_info 0 /INPUT 1 "D";
    .port_info 1 /INPUT 1 "clk";
    .port_info 2 /OUTPUT 1 "Q";
    .port_info 3 /INPUT 1 "r";
v0x55f9f5dbab50_0 .net "D", 0 0, L_0x55f9f5dc1b10;  1 drivers
v0x55f9f5dbac30_0 .var "Q", 0 0;
v0x55f9f5dbacf0_0 .net "clk", 0 0, v0x55f9f5dc0220_0;  alias, 1 drivers
v0x55f9f5dbadc0_0 .net "r", 0 0, v0x55f9f5dc03c0_0;  alias, 1 drivers
S_0x55f9f5dbaef0 .scope generate, "genblk1[24]" "genblk1[24]" 3 7, 3 7 0, S_0x55f9f5d7e470;
 .timescale 0 0;
P_0x55f9f5dbb0f0 .param/l "i" 0 3 7, +C4<011000>;
S_0x55f9f5dbb1d0 .scope module, "d" "dff" 3 9, 4 1 0, S_0x55f9f5dbaef0;
 .timescale 0 0;
    .port_info 0 /INPUT 1 "D";
    .port_info 1 /INPUT 1 "clk";
    .port_info 2 /OUTPUT 1 "Q";
    .port_info 3 /INPUT 1 "r";
v0x55f9f5dbb420_0 .net "D", 0 0, L_0x55f9f5dc1cb0;  1 drivers
v0x55f9f5dbb500_0 .var "Q", 0 0;
v0x55f9f5dbb5c0_0 .net "clk", 0 0, v0x55f9f5dc0220_0;  alias, 1 drivers
v0x55f9f5dbb690_0 .net "r", 0 0, v0x55f9f5dc03c0_0;  alias, 1 drivers
S_0x55f9f5dbb7c0 .scope generate, "genblk1[25]" "genblk1[25]" 3 7, 3 7 0, S_0x55f9f5d7e470;
 .timescale 0 0;
P_0x55f9f5dbb9c0 .param/l "i" 0 3 7, +C4<011001>;
S_0x55f9f5dbbaa0 .scope module, "d" "dff" 3 9, 4 1 0, S_0x55f9f5dbb7c0;
 .timescale 0 0;
    .port_info 0 /INPUT 1 "D";
    .port_info 1 /INPUT 1 "clk";
    .port_info 2 /OUTPUT 1 "Q";
    .port_info 3 /INPUT 1 "r";
v0x55f9f5dbbcf0_0 .net "D", 0 0, L_0x55f9f5dc1d80;  1 drivers
v0x55f9f5dbbdd0_0 .var "Q", 0 0;
v0x55f9f5dbbe90_0 .net "clk", 0 0, v0x55f9f5dc0220_0;  alias, 1 drivers
v0x55f9f5dbbf60_0 .net "r", 0 0, v0x55f9f5dc03c0_0;  alias, 1 drivers
S_0x55f9f5dbc090 .scope generate, "genblk1[26]" "genblk1[26]" 3 7, 3 7 0, S_0x55f9f5d7e470;
 .timescale 0 0;
P_0x55f9f5dbc290 .param/l "i" 0 3 7, +C4<011010>;
S_0x55f9f5dbc370 .scope module, "d" "dff" 3 9, 4 1 0, S_0x55f9f5dbc090;
 .timescale 0 0;
    .port_info 0 /INPUT 1 "D";
    .port_info 1 /INPUT 1 "clk";
    .port_info 2 /OUTPUT 1 "Q";
    .port_info 3 /INPUT 1 "r";
v0x55f9f5dbc5c0_0 .net "D", 0 0, L_0x55f9f5dc1f30;  1 drivers
v0x55f9f5dbc6a0_0 .var "Q", 0 0;
v0x55f9f5dbc760_0 .net "clk", 0 0, v0x55f9f5dc0220_0;  alias, 1 drivers
v0x55f9f5dbc830_0 .net "r", 0 0, v0x55f9f5dc03c0_0;  alias, 1 drivers
S_0x55f9f5dbc960 .scope generate, "genblk1[27]" "genblk1[27]" 3 7, 3 7 0, S_0x55f9f5d7e470;
 .timescale 0 0;
P_0x55f9f5dbcb60 .param/l "i" 0 3 7, +C4<011011>;
S_0x55f9f5dbcc40 .scope module, "d" "dff" 3 9, 4 1 0, S_0x55f9f5dbc960;
 .timescale 0 0;
    .port_info 0 /INPUT 1 "D";
    .port_info 1 /INPUT 1 "clk";
    .port_info 2 /OUTPUT 1 "Q";
    .port_info 3 /INPUT 1 "r";
v0x55f9f5dbce90_0 .net "D", 0 0, L_0x55f9f5dc2000;  1 drivers
v0x55f9f5dbcf70_0 .var "Q", 0 0;
v0x55f9f5dbd030_0 .net "clk", 0 0, v0x55f9f5dc0220_0;  alias, 1 drivers
v0x55f9f5dbd100_0 .net "r", 0 0, v0x55f9f5dc03c0_0;  alias, 1 drivers
S_0x55f9f5dbd230 .scope generate, "genblk1[28]" "genblk1[28]" 3 7, 3 7 0, S_0x55f9f5d7e470;
 .timescale 0 0;
P_0x55f9f5dbd430 .param/l "i" 0 3 7, +C4<011100>;
S_0x55f9f5dbd510 .scope module, "d" "dff" 3 9, 4 1 0, S_0x55f9f5dbd230;
 .timescale 0 0;
    .port_info 0 /INPUT 1 "D";
    .port_info 1 /INPUT 1 "clk";
    .port_info 2 /OUTPUT 1 "Q";
    .port_info 3 /INPUT 1 "r";
v0x55f9f5dbd760_0 .net "D", 0 0, L_0x55f9f5dc21c0;  1 drivers
v0x55f9f5dbd840_0 .var "Q", 0 0;
v0x55f9f5dbd900_0 .net "clk", 0 0, v0x55f9f5dc0220_0;  alias, 1 drivers
v0x55f9f5dbd9d0_0 .net "r", 0 0, v0x55f9f5dc03c0_0;  alias, 1 drivers
S_0x55f9f5dbdb00 .scope generate, "genblk1[29]" "genblk1[29]" 3 7, 3 7 0, S_0x55f9f5d7e470;
 .timescale 0 0;
P_0x55f9f5dbdd00 .param/l "i" 0 3 7, +C4<011101>;
S_0x55f9f5dbdde0 .scope module, "d" "dff" 3 9, 4 1 0, S_0x55f9f5dbdb00;
 .timescale 0 0;
    .port_info 0 /INPUT 1 "D";
    .port_info 1 /INPUT 1 "clk";
    .port_info 2 /OUTPUT 1 "Q";
    .port_info 3 /INPUT 1 "r";
v0x55f9f5dbe030_0 .net "D", 0 0, L_0x55f9f5dc2290;  1 drivers
v0x55f9f5dbe110_0 .var "Q", 0 0;
v0x55f9f5dbe1d0_0 .net "clk", 0 0, v0x55f9f5dc0220_0;  alias, 1 drivers
v0x55f9f5dbe2a0_0 .net "r", 0 0, v0x55f9f5dc03c0_0;  alias, 1 drivers
S_0x55f9f5dbe3d0 .scope generate, "genblk1[30]" "genblk1[30]" 3 7, 3 7 0, S_0x55f9f5d7e470;
 .timescale 0 0;
P_0x55f9f5dbe5d0 .param/l "i" 0 3 7, +C4<011110>;
S_0x55f9f5dbe6b0 .scope module, "d" "dff" 3 9, 4 1 0, S_0x55f9f5dbe3d0;
 .timescale 0 0;
    .port_info 0 /INPUT 1 "D";
    .port_info 1 /INPUT 1 "clk";
    .port_info 2 /OUTPUT 1 "Q";
    .port_info 3 /INPUT 1 "r";
v0x55f9f5dbe900_0 .net "D", 0 0, L_0x55f9f5dc2460;  1 drivers
v0x55f9f5dbe9e0_0 .var "Q", 0 0;
v0x55f9f5dbeaa0_0 .net "clk", 0 0, v0x55f9f5dc0220_0;  alias, 1 drivers
v0x55f9f5dbeb70_0 .net "r", 0 0, v0x55f9f5dc03c0_0;  alias, 1 drivers
S_0x55f9f5dbeca0 .scope generate, "genblk1[31]" "genblk1[31]" 3 7, 3 7 0, S_0x55f9f5d7e470;
 .timescale 0 0;
P_0x55f9f5dbeea0 .param/l "i" 0 3 7, +C4<011111>;
S_0x55f9f5dbef80 .scope module, "d" "dff" 3 9, 4 1 0, S_0x55f9f5dbeca0;
 .timescale 0 0;
    .port_info 0 /INPUT 1 "D";
    .port_info 1 /INPUT 1 "clk";
    .port_info 2 /OUTPUT 1 "Q";
    .port_info 3 /INPUT 1 "r";
v0x55f9f5dbf1d0_0 .net "D", 0 0, L_0x55f9f5dc2940;  1 drivers
v0x55f9f5dbf2b0_0 .var "Q", 0 0;
v0x55f9f5dbf370_0 .net "clk", 0 0, v0x55f9f5dc0220_0;  alias, 1 drivers
v0x55f9f5dbf440_0 .net "r", 0 0, v0x55f9f5dc03c0_0;  alias, 1 drivers
    .scope S_0x55f9f5d7fe70;
T_0 ;
    %wait E_0x55f9f5d6d690;
    %load/vec4 v0x55f9f5d7c3c0_0;
    %assign/vec4 v0x55f9f5d80000_0, 0;
    %load/vec4 v0x55f9f5d7e600_0;
    %flag_set/vec4 8;
    %jmp/0xz  T_0.0, 8;
    %pushi/vec4 0, 0, 1;
    %assign/vec4 v0x55f9f5d80000_0, 0;
T_0.0 ;
    %jmp T_0;
    .thread T_0;
    .scope S_0x55f9f5d7d770;
T_1 ;
    %wait E_0x55f9f5d6d690;
    %load/vec4 v0x55f9f5d7d900_0;
    %assign/vec4 v0x55f9f5d7cc00_0, 0;
    %load/vec4 v0x55f9f5dae6d0_0;
    %flag_set/vec4 8;
    %jmp/0xz  T_1.0, 8;
    %pushi/vec4 0, 0, 1;
    %assign/vec4 v0x55f9f5d7cc00_0, 0;
T_1.0 ;
    %jmp T_1;
    .thread T_1;
    .scope S_0x55f9f5daeab0;
T_2 ;
    %wait E_0x55f9f5d6d690;
    %load/vec4 v0x55f9f5daecc0_0;
    %assign/vec4 v0x55f9f5daeda0_0, 0;
    %load/vec4 v0x55f9f5daef80_0;
    %flag_set/vec4 8;
    %jmp/0xz  T_2.0, 8;
    %pushi/vec4 0, 0, 1;
    %assign/vec4 v0x55f9f5daeda0_0, 0;
T_2.0 ;
    %jmp T_2;
    .thread T_2;
    .scope S_0x55f9f5daf3b0;
T_3 ;
    %wait E_0x55f9f5d6d690;
    %load/vec4 v0x55f9f5daf590_0;
    %assign/vec4 v0x55f9f5daf670_0, 0;
    %load/vec4 v0x55f9f5daf7d0_0;
    %flag_set/vec4 8;
    %jmp/0xz  T_3.0, 8;
    %pushi/vec4 0, 0, 1;
    %assign/vec4 v0x55f9f5daf670_0, 0;
T_3.0 ;
    %jmp T_3;
    .thread T_3;
    .scope S_0x55f9f5dafc30;
T_4 ;
    %wait E_0x55f9f5d6d690;
    %load/vec4 v0x55f9f5dafe10_0;
    %assign/vec4 v0x55f9f5dafef0_0, 0;
    %load/vec4 v0x55f9f5db0050_0;
    %flag_set/vec4 8;
    %jmp/0xz  T_4.0, 8;
    %pushi/vec4 0, 0, 1;
    %assign/vec4 v0x55f9f5dafef0_0, 0;
T_4.0 ;
    %jmp T_4;
    .thread T_4;
    .scope S_0x55f9f5db0450;
T_5 ;
    %wait E_0x55f9f5d6d690;
    %load/vec4 v0x55f9f5db0630_0;
    %assign/vec4 v0x55f9f5db0710_0, 0;
    %load/vec4 v0x55f9f5db08a0_0;
    %flag_set/vec4 8;
    %jmp/0xz  T_5.0, 8;
    %pushi/vec4 0, 0, 1;
    %assign/vec4 v0x55f9f5db0710_0, 0;
T_5.0 ;
    %jmp T_5;
    .thread T_5;
    .scope S_0x55f9f5db0cb0;
T_6 ;
    %wait E_0x55f9f5d6d690;
    %load/vec4 v0x55f9f5db0f00_0;
    %assign/vec4 v0x55f9f5db0fe0_0, 0;
    %load/vec4 v0x55f9f5db1170_0;
    %flag_set/vec4 8;
    %jmp/0xz  T_6.0, 8;
    %pushi/vec4 0, 0, 1;
    %assign/vec4 v0x55f9f5db0fe0_0, 0;
T_6.0 ;
    %jmp T_6;
    .thread T_6;
    .scope S_0x55f9f5db1580;
T_7 ;
    %wait E_0x55f9f5d6d690;
    %load/vec4 v0x55f9f5db17d0_0;
    %assign/vec4 v0x55f9f5db18b0_0, 0;
    %load/vec4 v0x55f9f5db1a40_0;
    %flag_set/vec4 8;
    %jmp/0xz  T_7.0, 8;
    %pushi/vec4 0, 0, 1;
    %assign/vec4 v0x55f9f5db18b0_0, 0;
T_7.0 ;
    %jmp T_7;
    .thread T_7;
    .scope S_0x55f9f5db1e90;
T_8 ;
    %wait E_0x55f9f5d6d690;
    %load/vec4 v0x55f9f5db20e0_0;
    %assign/vec4 v0x55f9f5db21c0_0, 0;
    %load/vec4 v0x55f9f5db2350_0;
    %flag_set/vec4 8;
    %jmp/0xz  T_8.0, 8;
    %pushi/vec4 0, 0, 1;
    %assign/vec4 v0x55f9f5db21c0_0, 0;
T_8.0 ;
    %jmp T_8;
    .thread T_8;
    .scope S_0x55f9f5db2870;
T_9 ;
    %wait E_0x55f9f5d6d690;
    %load/vec4 v0x55f9f5db2ac0_0;
    %assign/vec4 v0x55f9f5db2ba0_0, 0;
    %load/vec4 v0x55f9f5db2d30_0;
    %flag_set/vec4 8;
    %jmp/0xz  T_9.0, 8;
    %pushi/vec4 0, 0, 1;
    %assign/vec4 v0x55f9f5db2ba0_0, 0;
T_9.0 ;
    %jmp T_9;
    .thread T_9;
    .scope S_0x55f9f5db3140;
T_10 ;
    %wait E_0x55f9f5d6d690;
    %load/vec4 v0x55f9f5db3390_0;
    %assign/vec4 v0x55f9f5db3470_0, 0;
    %load/vec4 v0x55f9f5db3600_0;
    %flag_set/vec4 8;
    %jmp/0xz  T_10.0, 8;
    %pushi/vec4 0, 0, 1;
    %assign/vec4 v0x55f9f5db3470_0, 0;
T_10.0 ;
    %jmp T_10;
    .thread T_10;
    .scope S_0x55f9f5db3a10;
T_11 ;
    %wait E_0x55f9f5d6d690;
    %load/vec4 v0x55f9f5db3c60_0;
    %assign/vec4 v0x55f9f5db3d40_0, 0;
    %load/vec4 v0x55f9f5db3ed0_0;
    %flag_set/vec4 8;
    %jmp/0xz  T_11.0, 8;
    %pushi/vec4 0, 0, 1;
    %assign/vec4 v0x55f9f5db3d40_0, 0;
T_11.0 ;
    %jmp T_11;
    .thread T_11;
    .scope S_0x55f9f5db42e0;
T_12 ;
    %wait E_0x55f9f5d6d690;
    %load/vec4 v0x55f9f5db4530_0;
    %assign/vec4 v0x55f9f5db4610_0, 0;
    %load/vec4 v0x55f9f5db47a0_0;
    %flag_set/vec4 8;
    %jmp/0xz  T_12.0, 8;
    %pushi/vec4 0, 0, 1;
    %assign/vec4 v0x55f9f5db4610_0, 0;
T_12.0 ;
    %jmp T_12;
    .thread T_12;
    .scope S_0x55f9f5db4bb0;
T_13 ;
    %wait E_0x55f9f5d6d690;
    %load/vec4 v0x55f9f5db4e00_0;
    %assign/vec4 v0x55f9f5db4ee0_0, 0;
    %load/vec4 v0x55f9f5db5070_0;
    %flag_set/vec4 8;
    %jmp/0xz  T_13.0, 8;
    %pushi/vec4 0, 0, 1;
    %assign/vec4 v0x55f9f5db4ee0_0, 0;
T_13.0 ;
    %jmp T_13;
    .thread T_13;
    .scope S_0x55f9f5db5480;
T_14 ;
    %wait E_0x55f9f5d6d690;
    %load/vec4 v0x55f9f5db56d0_0;
    %assign/vec4 v0x55f9f5db57b0_0, 0;
    %load/vec4 v0x55f9f5db5940_0;
    %flag_set/vec4 8;
    %jmp/0xz  T_14.0, 8;
    %pushi/vec4 0, 0, 1;
    %assign/vec4 v0x55f9f5db57b0_0, 0;
T_14.0 ;
    %jmp T_14;
    .thread T_14;
    .scope S_0x55f9f5db5d50;
T_15 ;
    %wait E_0x55f9f5d6d690;
    %load/vec4 v0x55f9f5db5fa0_0;
    %assign/vec4 v0x55f9f5db6080_0, 0;
    %load/vec4 v0x55f9f5db6210_0;
    %flag_set/vec4 8;
    %jmp/0xz  T_15.0, 8;
    %pushi/vec4 0, 0, 1;
    %assign/vec4 v0x55f9f5db6080_0, 0;
T_15.0 ;
    %jmp T_15;
    .thread T_15;
    .scope S_0x55f9f5db6730;
T_16 ;
    %wait E_0x55f9f5d6d690;
    %load/vec4 v0x55f9f5db6980_0;
    %assign/vec4 v0x55f9f5db6a60_0, 0;
    %load/vec4 v0x55f9f5db6e00_0;
    %flag_set/vec4 8;
    %jmp/0xz  T_16.0, 8;
    %pushi/vec4 0, 0, 1;
    %assign/vec4 v0x55f9f5db6a60_0, 0;
T_16.0 ;
    %jmp T_16;
    .thread T_16;
    .scope S_0x55f9f5db7420;
T_17 ;
    %wait E_0x55f9f5d6d690;
    %load/vec4 v0x55f9f5db7670_0;
    %assign/vec4 v0x55f9f5db7750_0, 0;
    %load/vec4 v0x55f9f5db78e0_0;
    %flag_set/vec4 8;
    %jmp/0xz  T_17.0, 8;
    %pushi/vec4 0, 0, 1;
    %assign/vec4 v0x55f9f5db7750_0, 0;
T_17.0 ;
    %jmp T_17;
    .thread T_17;
    .scope S_0x55f9f5db7cf0;
T_18 ;
    %wait E_0x55f9f5d6d690;
    %load/vec4 v0x55f9f5db7f40_0;
    %assign/vec4 v0x55f9f5db8020_0, 0;
    %load/vec4 v0x55f9f5db81b0_0;
    %flag_set/vec4 8;
    %jmp/0xz  T_18.0, 8;
    %pushi/vec4 0, 0, 1;
    %assign/vec4 v0x55f9f5db8020_0, 0;
T_18.0 ;
    %jmp T_18;
    .thread T_18;
    .scope S_0x55f9f5db85c0;
T_19 ;
    %wait E_0x55f9f5d6d690;
    %load/vec4 v0x55f9f5db8810_0;
    %assign/vec4 v0x55f9f5db88f0_0, 0;
    %load/vec4 v0x55f9f5db8a80_0;
    %flag_set/vec4 8;
    %jmp/0xz  T_19.0, 8;
    %pushi/vec4 0, 0, 1;
    %assign/vec4 v0x55f9f5db88f0_0, 0;
T_19.0 ;
    %jmp T_19;
    .thread T_19;
    .scope S_0x55f9f5db8e90;
T_20 ;
    %wait E_0x55f9f5d6d690;
    %load/vec4 v0x55f9f5db90e0_0;
    %assign/vec4 v0x55f9f5db91c0_0, 0;
    %load/vec4 v0x55f9f5db9350_0;
    %flag_set/vec4 8;
    %jmp/0xz  T_20.0, 8;
    %pushi/vec4 0, 0, 1;
    %assign/vec4 v0x55f9f5db91c0_0, 0;
T_20.0 ;
    %jmp T_20;
    .thread T_20;
    .scope S_0x55f9f5db9760;
T_21 ;
    %wait E_0x55f9f5d6d690;
    %load/vec4 v0x55f9f5db99b0_0;
    %assign/vec4 v0x55f9f5db9a90_0, 0;
    %load/vec4 v0x55f9f5db9c20_0;
    %flag_set/vec4 8;
    %jmp/0xz  T_21.0, 8;
    %pushi/vec4 0, 0, 1;
    %assign/vec4 v0x55f9f5db9a90_0, 0;
T_21.0 ;
    %jmp T_21;
    .thread T_21;
    .scope S_0x55f9f5dba030;
T_22 ;
    %wait E_0x55f9f5d6d690;
    %load/vec4 v0x55f9f5dba280_0;
    %assign/vec4 v0x55f9f5dba360_0, 0;
    %load/vec4 v0x55f9f5dba4f0_0;
    %flag_set/vec4 8;
    %jmp/0xz  T_22.0, 8;
    %pushi/vec4 0, 0, 1;
    %assign/vec4 v0x55f9f5dba360_0, 0;
T_22.0 ;
    %jmp T_22;
    .thread T_22;
    .scope S_0x55f9f5dba900;
T_23 ;
    %wait E_0x55f9f5d6d690;
    %load/vec4 v0x55f9f5dbab50_0;
    %assign/vec4 v0x55f9f5dbac30_0, 0;
    %load/vec4 v0x55f9f5dbadc0_0;
    %flag_set/vec4 8;
    %jmp/0xz  T_23.0, 8;
    %pushi/vec4 0, 0, 1;
    %assign/vec4 v0x55f9f5dbac30_0, 0;
T_23.0 ;
    %jmp T_23;
    .thread T_23;
    .scope S_0x55f9f5dbb1d0;
T_24 ;
    %wait E_0x55f9f5d6d690;
    %load/vec4 v0x55f9f5dbb420_0;
    %assign/vec4 v0x55f9f5dbb500_0, 0;
    %load/vec4 v0x55f9f5dbb690_0;
    %flag_set/vec4 8;
    %jmp/0xz  T_24.0, 8;
    %pushi/vec4 0, 0, 1;
    %assign/vec4 v0x55f9f5dbb500_0, 0;
T_24.0 ;
    %jmp T_24;
    .thread T_24;
    .scope S_0x55f9f5dbbaa0;
T_25 ;
    %wait E_0x55f9f5d6d690;
    %load/vec4 v0x55f9f5dbbcf0_0;
    %assign/vec4 v0x55f9f5dbbdd0_0, 0;
    %load/vec4 v0x55f9f5dbbf60_0;
    %flag_set/vec4 8;
    %jmp/0xz  T_25.0, 8;
    %pushi/vec4 0, 0, 1;
    %assign/vec4 v0x55f9f5dbbdd0_0, 0;
T_25.0 ;
    %jmp T_25;
    .thread T_25;
    .scope S_0x55f9f5dbc370;
T_26 ;
    %wait E_0x55f9f5d6d690;
    %load/vec4 v0x55f9f5dbc5c0_0;
    %assign/vec4 v0x55f9f5dbc6a0_0, 0;
    %load/vec4 v0x55f9f5dbc830_0;
    %flag_set/vec4 8;
    %jmp/0xz  T_26.0, 8;
    %pushi/vec4 0, 0, 1;
    %assign/vec4 v0x55f9f5dbc6a0_0, 0;
T_26.0 ;
    %jmp T_26;
    .thread T_26;
    .scope S_0x55f9f5dbcc40;
T_27 ;
    %wait E_0x55f9f5d6d690;
    %load/vec4 v0x55f9f5dbce90_0;
    %assign/vec4 v0x55f9f5dbcf70_0, 0;
    %load/vec4 v0x55f9f5dbd100_0;
    %flag_set/vec4 8;
    %jmp/0xz  T_27.0, 8;
    %pushi/vec4 0, 0, 1;
    %assign/vec4 v0x55f9f5dbcf70_0, 0;
T_27.0 ;
    %jmp T_27;
    .thread T_27;
    .scope S_0x55f9f5dbd510;
T_28 ;
    %wait E_0x55f9f5d6d690;
    %load/vec4 v0x55f9f5dbd760_0;
    %assign/vec4 v0x55f9f5dbd840_0, 0;
    %load/vec4 v0x55f9f5dbd9d0_0;
    %flag_set/vec4 8;
    %jmp/0xz  T_28.0, 8;
    %pushi/vec4 0, 0, 1;
    %assign/vec4 v0x55f9f5dbd840_0, 0;
T_28.0 ;
    %jmp T_28;
    .thread T_28;
    .scope S_0x55f9f5dbdde0;
T_29 ;
    %wait E_0x55f9f5d6d690;
    %load/vec4 v0x55f9f5dbe030_0;
    %assign/vec4 v0x55f9f5dbe110_0, 0;
    %load/vec4 v0x55f9f5dbe2a0_0;
    %flag_set/vec4 8;
    %jmp/0xz  T_29.0, 8;
    %pushi/vec4 0, 0, 1;
    %assign/vec4 v0x55f9f5dbe110_0, 0;
T_29.0 ;
    %jmp T_29;
    .thread T_29;
    .scope S_0x55f9f5dbe6b0;
T_30 ;
    %wait E_0x55f9f5d6d690;
    %load/vec4 v0x55f9f5dbe900_0;
    %assign/vec4 v0x55f9f5dbe9e0_0, 0;
    %load/vec4 v0x55f9f5dbeb70_0;
    %flag_set/vec4 8;
    %jmp/0xz  T_30.0, 8;
    %pushi/vec4 0, 0, 1;
    %assign/vec4 v0x55f9f5dbe9e0_0, 0;
T_30.0 ;
    %jmp T_30;
    .thread T_30;
    .scope S_0x55f9f5dbef80;
T_31 ;
    %wait E_0x55f9f5d6d690;
    %load/vec4 v0x55f9f5dbf1d0_0;
    %assign/vec4 v0x55f9f5dbf2b0_0, 0;
    %load/vec4 v0x55f9f5dbf440_0;
    %flag_set/vec4 8;
    %jmp/0xz  T_31.0, 8;
    %pushi/vec4 0, 0, 1;
    %assign/vec4 v0x55f9f5dbf2b0_0, 0;
T_31.0 ;
    %jmp T_31;
    .thread T_31;
    .scope S_0x55f9f5d7ca70;
T_32 ;
    %pushi/vec4 0, 0, 1;
    %store/vec4 v0x55f9f5dc0220_0, 0, 1;
T_32.0 ;
    %delay 5, 0;
    %load/vec4 v0x55f9f5dc0220_0;
    %inv;
    %store/vec4 v0x55f9f5dc0220_0, 0, 1;
    %jmp T_32.0;
    %end;
    .thread T_32;
    .scope S_0x55f9f5d7ca70;
T_33 ;
    %pushi/vec4 0, 0, 32;
    %store/vec4 v0x55f9f5dc0140_0, 0, 32;
    %pushi/vec4 0, 0, 1;
    %store/vec4 v0x55f9f5dc03c0_0, 0, 1;
    %pushi/vec4 7, 0, 32;
T_33.0 %dup/vec4;
    %pushi/vec4 0, 0, 32;
    %cmp/s;
    %jmp/1xz T_33.1, 5;
    %jmp/1 T_33.1, 4;
    %pushi/vec4 1, 0, 32;
    %sub;
    %delay 5, 0;
    %load/vec4 v0x55f9f5dc03c0_0;
    %inv;
    %store/vec4 v0x55f9f5dc03c0_0, 0, 1;
    %vpi_func 2 16 "$random" 32 {0 0 0};
    %store/vec4 v0x55f9f5dc0140_0, 0, 32;
    %delay 6, 0;
    %load/vec4 v0x55f9f5dc03c0_0;
    %inv;
    %store/vec4 v0x55f9f5dc03c0_0, 0, 1;
    %vpi_func 2 17 "$random" 32 {0 0 0};
    %store/vec4 v0x55f9f5dc0140_0, 0, 32;
    %delay 7, 0;
    %load/vec4 v0x55f9f5dc03c0_0;
    %inv;
    %store/vec4 v0x55f9f5dc03c0_0, 0, 1;
    %vpi_func 2 18 "$random" 32 {0 0 0};
    %store/vec4 v0x55f9f5dc0140_0, 0, 32;
    %jmp T_33.0;
T_33.1 ;
    %pop/vec4 1;
    %delay 5, 0;
    %vpi_call 2 20 "$finish" {0 0 0};
    %end;
    .thread T_33;
    .scope S_0x55f9f5d7ca70;
T_34 ;
    %vpi_call 2 24 "$dumpfile", "regi.vcd" {0 0 0};
    %vpi_call 2 25 "$dumpvars", 32'sb00000000000000000000000000000000, S_0x55f9f5d7ca70 {0 0 0};
    %end;
    .thread T_34;
    .scope S_0x55f9f5d7ca70;
T_35 ;
    %wait E_0x55f9f5d6d580;
    %vpi_call 2 28 "$display", $time, ". Pass. D = %b, Q = %b, r: %b", v0x55f9f5dc0140_0, v0x55f9f5dc02c0_0, v0x55f9f5dc03c0_0 {0 0 0};
    %jmp T_35;
    .thread T_35, $push;
# The file index is used to find the file name in the following table.
:file_names 5;
    "N/A";
    "<interactive>";
    "regi_TB.v";
    "regi.v";
    "dff.v";
